<?xml version="1.0" encoding="UTF-8"?>
<!-- Generated by org.testng.reporters.JUnitXMLReporter -->
<testsuite hostname="G10GGNLT049" ignored="4" name="Default test" tests="1" failures="0" timestamp="16 Nov 2017 04:34:46 GMT" time="0.035" errors="0">
  <testcase name="@BeforeMethod setup" time="0.0" classname="org.usgbc.utility.Base">
    <failure type="org.testng.TestNGException" message="
Parameter &amp;apos;browser&amp;apos; is required by BeforeMethod on method setup but has not been marked @Optional or defined
in C:\Users\Groupten\AppData\Local\Temp\testng-eclipse--211853580\testng-customsuite.xml">
      <![CDATA[org.testng.TestNGException: 
Parameter 'browser' is required by BeforeMethod on method setup but has not been marked @Optional or defined
in C:\Users\Groupten\AppData\Local\Temp\testng-eclipse--211853580\testng-customsuite.xml
	at org.testng.internal.Parameters.createParameters(Parameters.java:199)
	at org.testng.internal.Parameters.createParameters(Parameters.java:443)
	at org.testng.internal.Parameters.createConfigurationParameters(Parameters.java:118)
	at org.testng.internal.Invoker.invokeConfigurations(Invoker.java:206)
	at org.testng.internal.Invoker.invokeMethod(Invoker.java:599)
	at org.testng.internal.Invoker.invokeTestMethod(Invoker.java:869)
	at org.testng.internal.Invoker.invokeTestMethods(Invoker.java:1193)
	at org.testng.internal.TestMethodWorker.invokeTestMethods(TestMethodWorker.java:126)
	at org.testng.internal.TestMethodWorker.run(TestMethodWorker.java:109)
	at org.testng.TestRunner.privateRun(TestRunner.java:744)
	at org.testng.TestRunner.run(TestRunner.java:602)
	at org.testng.SuiteRunner.runTest(SuiteRunner.java:380)
	at org.testng.SuiteRunner.runSequentially(SuiteRunner.java:375)
	at org.testng.SuiteRunner.privateRun(SuiteRunner.java:340)
	at org.testng.SuiteRunner.run(SuiteRunner.java:289)
	at org.testng.SuiteRunnerWorker.runSuite(SuiteRunnerWorker.java:52)
	at org.testng.SuiteRunnerWorker.run(SuiteRunnerWorker.java:86)
	at org.testng.TestNG.runSuitesSequentially(TestNG.java:1301)
	at org.testng.TestNG.runSuitesLocally(TestNG.java:1226)
	at org.testng.TestNG.runSuites(TestNG.java:1144)
	at org.testng.TestNG.run(TestNG.java:1115)
	at org.testng.remote.AbstractRemoteTestNG.run(AbstractRemoteTestNG.java:132)
	at org.testng.remote.RemoteTestNG.initAndRun(RemoteTestNG.java:230)
	at org.testng.remote.RemoteTestNG.main(RemoteTestNG.java:76)
]]>
    </failure>
  </testcase> <!-- @BeforeMethod setup -->
  <testcase name="testUsgbcStoreLEED2" time="0.0" classname="org.usgbc.regression.UsgbcStoreTest">
    <skipped/>
  </testcase> <!-- testUsgbcStoreLEED2 -->
  <testcase name="testUsgbcStore" time="0.0" classname="org.usgbc.regression.UsgbcStoreTest">
    <ignored/>
  </testcase> <!-- testUsgbcStore -->
  <testcase name="testUsgbcStoreGreen" time="0.0" classname="org.usgbc.regression.UsgbcStoreTest">
    <ignored/>
  </testcase> <!-- testUsgbcStoreGreen -->
  <testcase name="testUsgbcStoreLEED" time="0.0" classname="org.usgbc.regression.UsgbcStoreTest">
    <ignored/>
  </testcase> <!-- testUsgbcStoreLEED -->
  <testcase name="testUsgbcStoreGreen2" time="0.0" classname="org.usgbc.regression.UsgbcStoreTest">
    <ignored/>
  </testcase> <!-- testUsgbcStoreGreen2 -->
</testsuite> <!-- Default test -->
