<?xml version="1.0" encoding="UTF-8"?>
<!-- Generated by org.testng.reporters.JUnitXMLReporter -->
<testsuite hostname="G10GGNLT049" ignored="0" name="FirefoxTest" tests="25" failures="6" timestamp="14 Nov 2017 17:28:45 GMT" time="39973.231" errors="0">
  <testcase name="@AfterMethod tearDown" time="2.031" classname="org.usgbc.utility.Base">
    <failure type="org.openqa.selenium.WebDriverException" message="org.apache.http.conn.HttpHostConnectException: Connect to localhost:6061 [localhost/127.0.0.1, localhost/0:0:0:0:0:0:0:1] failed: Connection refused: connect
Build info: version: &amp;apos;3.7.1&amp;apos;, revision: &amp;apos;8a0099a&amp;apos;, time: &amp;apos;2017-11-06T21:07:36.161Z&amp;apos;
System info: host: &amp;apos;G10GGNLT049&amp;apos;, ip: &amp;apos;192.168.56.1&amp;apos;, os.name: &amp;apos;Windows 10&amp;apos;, os.arch: &amp;apos;amd64&amp;apos;, os.version: &amp;apos;10.0&amp;apos;, java.version: &amp;apos;1.8.0_131&amp;apos;
Driver info: driver.version: RemoteWebDriver">
      <![CDATA[org.openqa.selenium.WebDriverException: org.apache.http.conn.HttpHostConnectException: Connect to localhost:6061 [localhost/127.0.0.1, localhost/0:0:0:0:0:0:0:1] failed: Connection refused: connect
Build info: version: '3.7.1', revision: '8a0099a', time: '2017-11-06T21:07:36.161Z'
System info: host: 'G10GGNLT049', ip: '192.168.56.1', os.name: 'Windows 10', os.arch: 'amd64', os.version: '10.0', java.version: '1.8.0_131'
Driver info: driver.version: RemoteWebDriver
	at org.openqa.selenium.remote.service.DriverCommandExecutor.execute(DriverCommandExecutor.java:92)
	at org.openqa.selenium.remote.RemoteWebDriver.execute(RemoteWebDriver.java:600)
	at org.openqa.selenium.remote.RemoteWebDriver.execute(RemoteWebDriver.java:657)
	at org.openqa.selenium.remote.RemoteWebDriver.getScreenshotAs(RemoteWebDriver.java:342)
	at org.usgbc.utility.Report.afterMethod(Report.java:65)
	at org.usgbc.utility.Base.tearDown(Base.java:140)
Caused by: org.apache.http.conn.HttpHostConnectException: Connect to localhost:6061 [localhost/127.0.0.1, localhost/0:0:0:0:0:0:0:1] failed: Connection refused: connect
	at org.apache.http.impl.conn.DefaultHttpClientConnectionOperator.connect(DefaultHttpClientConnectionOperator.java:159)
	at org.apache.http.impl.conn.PoolingHttpClientConnectionManager.connect(PoolingHttpClientConnectionManager.java:359)
	at org.apache.http.impl.execchain.MainClientExec.establishRoute(MainClientExec.java:381)
	at org.apache.http.impl.execchain.MainClientExec.execute(MainClientExec.java:237)
	at org.apache.http.impl.execchain.ProtocolExec.execute(ProtocolExec.java:185)
	at org.apache.http.impl.execchain.RetryExec.execute(RetryExec.java:89)
	at org.apache.http.impl.execchain.RedirectExec.execute(RedirectExec.java:111)
	at org.apache.http.impl.client.InternalHttpClient.doExecute(InternalHttpClient.java:185)
	at org.apache.http.impl.client.CloseableHttpClient.execute(CloseableHttpClient.java:72)
	at org.apache.http.impl.client.CloseableHttpClient.execute(CloseableHttpClient.java:56)
	at org.openqa.selenium.remote.internal.ApacheHttpClient.fallBackExecute(ApacheHttpClient.java:138)
	at org.openqa.selenium.remote.internal.ApacheHttpClient.execute(ApacheHttpClient.java:86)
	at org.openqa.selenium.remote.HttpCommandExecutor.execute(HttpCommandExecutor.java:161)
	at org.openqa.selenium.remote.service.DriverCommandExecutor.execute(DriverCommandExecutor.java:83)
	... 31 more
Caused by: java.net.ConnectException: Connection refused: connect
	at java.net.DualStackPlainSocketImpl.waitForConnect(Native Method)
	at java.net.DualStackPlainSocketImpl.socketConnect(DualStackPlainSocketImpl.java:85)
	at java.net.AbstractPlainSocketImpl.doConnect(AbstractPlainSocketImpl.java:350)
	at java.net.AbstractPlainSocketImpl.connectToAddress(AbstractPlainSocketImpl.java:206)
	at java.net.AbstractPlainSocketImpl.connect(AbstractPlainSocketImpl.java:188)
	at java.net.PlainSocketImpl.connect(PlainSocketImpl.java:172)
	at java.net.SocksSocketImpl.connect(SocksSocketImpl.java:392)
	at java.net.Socket.connect(Socket.java:589)
	at org.apache.http.conn.socket.PlainConnectionSocketFactory.connectSocket(PlainConnectionSocketFactory.java:75)
	at org.apache.http.impl.conn.DefaultHttpClientConnectionOperator.connect(DefaultHttpClientConnectionOperator.java:142)
	... 44 more
... Removed 26 stack frames]]>
    </failure>
  </testcase> <!-- @AfterMethod tearDown -->
  <testcase name="@BeforeMethod setup" time="0.0" classname="org.usgbc.utility.Base">
    <skipped/>
  </testcase> <!-- @BeforeMethod setup -->
  <testcase name="@BeforeMethod setup" time="0.0" classname="org.usgbc.utility.Base">
    <skipped/>
  </testcase> <!-- @BeforeMethod setup -->
  <testcase name="@BeforeMethod setup" time="0.0" classname="org.usgbc.utility.Base">
    <skipped/>
  </testcase> <!-- @BeforeMethod setup -->
  <testcase name="testCommunityRegistrationForExistingUser" time="172.998" classname="org.usgbc.regression.CommunityRegistrationTest"/>
  <testcase name="testCommunityRegistrationForExistingUser" time="183.382" classname="org.usgbc.regression.CommunityRegistrationTest"/>
  <testcase name="testCommunityRegistrationForNonExistingUser" time="141.496" classname="org.usgbc.regression.CommunityRegistrationTest"/>
  <testcase name="testCommunityRegistrationForNonExistingUserToGetRegistered" time="280.404" classname="org.usgbc.regression.CommunityRegistrationTest">
    <failure type="java.lang.Error" message="Unable to locate element: {&amp;quot;method&amp;quot;:&amp;quot;xpath&amp;quot;,&amp;quot;selector&amp;quot;:&amp;quot;html/body/div[1]/div/div/div/div[2]/div&amp;quot;}
Command duration or timeout: 0 milliseconds">
      <![CDATA[java.lang.Error: Unable to locate element: {"method":"xpath","selector":"html/body/div[1]/div/div/div/div[2]/div"}
Command duration or timeout: 0 milliseconds
	at org.openqa.selenium.remote.ErrorHandler.createThrowable(ErrorHandler.java:214)
	at org.openqa.selenium.remote.ErrorHandler.throwIfResponseFailed(ErrorHandler.java:166)
	at org.openqa.selenium.remote.http.JsonHttpResponseCodec.reconstructValue(JsonHttpResponseCodec.java:40)
	at org.openqa.selenium.remote.http.AbstractHttpResponseCodec.decode(AbstractHttpResponseCodec.java:80)
	at org.openqa.selenium.remote.http.AbstractHttpResponseCodec.decode(AbstractHttpResponseCodec.java:44)
	at org.openqa.selenium.remote.HttpCommandExecutor.execute(HttpCommandExecutor.java:164)
	at org.openqa.selenium.remote.service.DriverCommandExecutor.execute(DriverCommandExecutor.java:83)
	at org.openqa.selenium.remote.RemoteWebDriver.execute(RemoteWebDriver.java:600)
	at org.openqa.selenium.remote.RemoteWebDriver.findElement(RemoteWebDriver.java:370)
	at org.openqa.selenium.remote.RemoteWebDriver.findElementByXPath(RemoteWebDriver.java:472)
	at org.openqa.selenium.By$ByXPath.findElement(By.java:361)
	at org.openqa.selenium.remote.RemoteWebDriver.findElement(RemoteWebDriver.java:362)
	at org.openqa.selenium.support.pagefactory.DefaultElementLocator.findElement(DefaultElementLocator.java:69)
	at org.openqa.selenium.support.pagefactory.internal.LocatingElementHandler.invoke(LocatingElementHandler.java:38)
	at com.sun.proxy.$Proxy10.isDisplayed(Unknown Source)
	at org.usgbc.utility.ReusableMethods.paymentReceiptdownload(ReusableMethods.java:145)
	at org.usgbc.business.CommunityRegistration.CommunityRegistartionModuleForNonExistingUserToGetRegistered(CommunityRegistration.java:88)
	at org.usgbc.regression.CommunityRegistrationTest.testCommunityRegistrationForNonExistingUserToGetRegistered(CommunityRegistrationTest.java:46)
... Removed 29 stack frames]]>
    </failure>
  </testcase> <!-- testCommunityRegistrationForNonExistingUserToGetRegistered -->
  <testcase name="testMembership" time="133.39" classname="org.usgbc.regression.MembershipTest"/>
  <testcase name="testShoppingCartLink" time="24.446" classname="org.usgbc.regression.StoreTest"/>
  <testcase name="testShoppingCartLink2" time="18.86" classname="org.usgbc.regression.StoreTest"/>
  <testcase name="testShoppingCartLink3" time="17.758" classname="org.usgbc.regression.StoreTest"/>
  <testcase name="testStoreGreen" time="109.73" classname="org.usgbc.regression.StoreTest">
    <failure type="java.lang.Error" message="expected [true] but found [false]">
      <![CDATA[java.lang.Error: expected [true] but found [false]
	at org.usgbc.utility.ReusableMethods.contactPaymentReceipt(ReusableMethods.java:190)
	at org.usgbc.business.Store.StoreModuleGreen(Store.java:47)
	at org.usgbc.regression.StoreTest.testStoreGreen(StoreTest.java:20)
... Removed 29 stack frames]]>
    </failure>
  </testcase> <!-- testStoreGreen -->
  <testcase name="testStoreLEED" time="117.275" classname="org.usgbc.regression.StoreTest">
    <failure type="java.lang.Error" message="Unable to locate element: {&amp;quot;method&amp;quot;:&amp;quot;id&amp;quot;,&amp;quot;selector&amp;quot;:&amp;quot;edit-existinguser-usernamae&amp;quot;}
Command duration or timeout: 0 milliseconds">
      <![CDATA[java.lang.Error: Unable to locate element: {"method":"id","selector":"edit-existinguser-usernamae"}
Command duration or timeout: 0 milliseconds
	at org.openqa.selenium.remote.ErrorHandler.createThrowable(ErrorHandler.java:214)
	at org.openqa.selenium.remote.ErrorHandler.throwIfResponseFailed(ErrorHandler.java:166)
	at org.openqa.selenium.remote.http.JsonHttpResponseCodec.reconstructValue(JsonHttpResponseCodec.java:40)
	at org.openqa.selenium.remote.http.AbstractHttpResponseCodec.decode(AbstractHttpResponseCodec.java:80)
	at org.openqa.selenium.remote.http.AbstractHttpResponseCodec.decode(AbstractHttpResponseCodec.java:44)
	at org.openqa.selenium.remote.HttpCommandExecutor.execute(HttpCommandExecutor.java:164)
	at org.openqa.selenium.remote.service.DriverCommandExecutor.execute(DriverCommandExecutor.java:83)
	at org.openqa.selenium.remote.RemoteWebDriver.execute(RemoteWebDriver.java:600)
	at org.openqa.selenium.remote.RemoteWebDriver.findElement(RemoteWebDriver.java:370)
	at org.openqa.selenium.remote.RemoteWebDriver.findElementById(RemoteWebDriver.java:416)
	at org.openqa.selenium.By$ById.findElement(By.java:218)
	at org.openqa.selenium.remote.RemoteWebDriver.findElement(RemoteWebDriver.java:362)
	at org.openqa.selenium.support.pagefactory.DefaultElementLocator.findElement(DefaultElementLocator.java:69)
	at org.openqa.selenium.support.pagefactory.internal.LocatingElementHandler.invoke(LocatingElementHandler.java:38)
	at com.sun.proxy.$Proxy10.click(Unknown Source)
	at org.usgbc.page.UsgbcWebLocators.signin_usgbc(UsgbcWebLocators.java:207)
	at org.usgbc.utility.ReusableMethods.signInForm(ReusableMethods.java:54)
	at org.usgbc.business.Store.StoreModuleLEED(Store.java:103)
	at org.usgbc.regression.StoreTest.testStoreLEED(StoreTest.java:37)
... Removed 29 stack frames]]>
    </failure>
  </testcase> <!-- testStoreLEED -->
  <testcase name="testStoreLEEDandGreen" time="137.438" classname="org.usgbc.regression.StoreTest"/>
  <testcase name="testUsgbcStore" time="52.219" classname="org.usgbc.regression.UsgbcStoreTest"/>
  <testcase name="testUsgbcStoreGreen" time="194.224" classname="org.usgbc.regression.UsgbcStoreTest"/>
  <testcase name="testUsgbcStoreGreen2" time="121.747" classname="org.usgbc.regression.UsgbcStoreTest">
    <failure type="java.lang.Error" message="expected [true] but found [false]">
      <![CDATA[java.lang.Error: expected [true] but found [false]
	at org.usgbc.utility.ReusableMethods.contactPaymentReceipt(ReusableMethods.java:190)
	at org.usgbc.business.UsgbcStore.UsgbcStoreModuleGreen2(UsgbcStore.java:87)
	at org.usgbc.regression.UsgbcStoreTest.testUsgbcStoreGreen2(UsgbcStoreTest.java:58)
... Removed 29 stack frames]]>
    </failure>
  </testcase> <!-- testUsgbcStoreGreen2 -->
  <testcase name="testUsgbcStoreLEED" time="185.437" classname="org.usgbc.regression.UsgbcStoreTest"/>
  <testcase name="testUsgbcStoreLEED2" time="110.726" classname="org.usgbc.regression.UsgbcStoreTest">
    <failure type="java.lang.Error" message="expected [true] but found [false]">
      <![CDATA[java.lang.Error: expected [true] but found [false]
	at org.usgbc.utility.ReusableMethods.contactPaymentReceipt(ReusableMethods.java:190)
	at org.usgbc.business.UsgbcStore.UsgbcStoreModuleLEED2(UsgbcStore.java:150)
	at org.usgbc.regression.UsgbcStoreTest.testUsgbcStoreLEED2(UsgbcStoreTest.java:95)
... Removed 29 stack frames]]>
    </failure>
  </testcase> <!-- testUsgbcStoreLEED2 -->
  <testcase name="testCommunityRegistrationCountryField" time="0.001" classname="org.usgbc.regression.CommunityRegistrationCountryFieldTest"/>
  <testcase name="testErrorMessagesCommReg" time="11.805" classname="org.usgbc.regression.ErrorMessageCommRegTest"/>
  <testcase name="testErrorMessagesCommRegCondition2" time="16.684" classname="org.usgbc.regression.ErrorMessageCommRegTest"/>
  <testcase name="testErrorMessagesCommRegCondition3" time="17.658" classname="org.usgbc.regression.ErrorMessageCommRegTest"/>
  <testcase name="testUsgbcCoreForExistingUser" time="13.051" classname="org.usgbc.regression.UsgbcCoreTest"/>
  <testcase name="testUsgbcCoreForNonExistingUser" time="37718.761" classname="org.usgbc.regression.UsgbcCoreTest">
    <failure type="org.openqa.selenium.WebDriverException" message="org.apache.http.conn.HttpHostConnectException: Connect to localhost:6061 [localhost/127.0.0.1, localhost/0:0:0:0:0:0:0:1] failed: Connection refused: connect
Build info: version: &amp;apos;3.7.1&amp;apos;, revision: &amp;apos;8a0099a&amp;apos;, time: &amp;apos;2017-11-06T21:07:36.161Z&amp;apos;
System info: host: &amp;apos;G10GGNLT049&amp;apos;, ip: &amp;apos;192.168.56.1&amp;apos;, os.name: &amp;apos;Windows 10&amp;apos;, os.arch: &amp;apos;amd64&amp;apos;, os.version: &amp;apos;10.0&amp;apos;, java.version: &amp;apos;1.8.0_131&amp;apos;
Driver info: driver.version: RemoteWebDriver">
      <![CDATA[org.openqa.selenium.WebDriverException: org.apache.http.conn.HttpHostConnectException: Connect to localhost:6061 [localhost/127.0.0.1, localhost/0:0:0:0:0:0:0:1] failed: Connection refused: connect
Build info: version: '3.7.1', revision: '8a0099a', time: '2017-11-06T21:07:36.161Z'
System info: host: 'G10GGNLT049', ip: '192.168.56.1', os.name: 'Windows 10', os.arch: 'amd64', os.version: '10.0', java.version: '1.8.0_131'
Driver info: driver.version: RemoteWebDriver
	at org.openqa.selenium.remote.service.DriverCommandExecutor.execute(DriverCommandExecutor.java:92)
	at org.openqa.selenium.remote.RemoteWebDriver.execute(RemoteWebDriver.java:600)
	at org.openqa.selenium.remote.RemoteWebElement.execute(RemoteWebElement.java:279)
	at org.openqa.selenium.remote.RemoteWebElement.getAttribute(RemoteWebElement.java:128)
	at org.usgbc.utility.BrokenLink.BrokenLinkCheck(BrokenLink.java:23)
	at org.usgbc.regression.UsgbcCoreTest.testUsgbcCoreForNonExistingUser(UsgbcCoreTest.java:20)
Caused by: org.apache.http.conn.HttpHostConnectException: Connect to localhost:6061 [localhost/127.0.0.1, localhost/0:0:0:0:0:0:0:1] failed: Connection refused: connect
	at org.apache.http.impl.conn.DefaultHttpClientConnectionOperator.connect(DefaultHttpClientConnectionOperator.java:159)
	at org.apache.http.impl.conn.PoolingHttpClientConnectionManager.connect(PoolingHttpClientConnectionManager.java:359)
	at org.apache.http.impl.execchain.MainClientExec.establishRoute(MainClientExec.java:381)
	at org.apache.http.impl.execchain.MainClientExec.execute(MainClientExec.java:237)
	at org.apache.http.impl.execchain.ProtocolExec.execute(ProtocolExec.java:185)
	at org.apache.http.impl.execchain.RetryExec.execute(RetryExec.java:89)
	at org.apache.http.impl.execchain.RedirectExec.execute(RedirectExec.java:111)
	at org.apache.http.impl.client.InternalHttpClient.doExecute(InternalHttpClient.java:185)
	at org.apache.http.impl.client.CloseableHttpClient.execute(CloseableHttpClient.java:72)
	at org.apache.http.impl.client.CloseableHttpClient.execute(CloseableHttpClient.java:56)
	at org.openqa.selenium.remote.internal.ApacheHttpClient.fallBackExecute(ApacheHttpClient.java:138)
	at org.openqa.selenium.remote.internal.ApacheHttpClient.execute(ApacheHttpClient.java:86)
	at org.openqa.selenium.remote.HttpCommandExecutor.execute(HttpCommandExecutor.java:161)
	at org.openqa.selenium.remote.service.DriverCommandExecutor.execute(DriverCommandExecutor.java:83)
	... 30 more
Caused by: java.net.ConnectException: Connection refused: connect
	at java.net.DualStackPlainSocketImpl.waitForConnect(Native Method)
	at java.net.DualStackPlainSocketImpl.socketConnect(DualStackPlainSocketImpl.java:85)
	at java.net.AbstractPlainSocketImpl.doConnect(AbstractPlainSocketImpl.java:350)
	at java.net.AbstractPlainSocketImpl.connectToAddress(AbstractPlainSocketImpl.java:206)
	at java.net.AbstractPlainSocketImpl.connect(AbstractPlainSocketImpl.java:188)
	at java.net.PlainSocketImpl.connect(PlainSocketImpl.java:172)
	at java.net.SocksSocketImpl.connect(SocksSocketImpl.java:392)
	at java.net.Socket.connect(Socket.java:589)
	at org.apache.http.conn.socket.PlainConnectionSocketFactory.connectSocket(PlainConnectionSocketFactory.java:75)
	at org.apache.http.impl.conn.DefaultHttpClientConnectionOperator.connect(DefaultHttpClientConnectionOperator.java:142)
	... 43 more
... Removed 25 stack frames]]>
    </failure>
  </testcase> <!-- testUsgbcCoreForNonExistingUser -->
  <testcase name="testUsgbcCoreForNonExistingUserToGetRegistered" time="0.0" classname="org.usgbc.regression.UsgbcCoreTest">
    <skipped/>
  </testcase> <!-- testUsgbcCoreForNonExistingUserToGetRegistered -->
  <testcase name="testLoggedUser" time="0.0" classname="org.usgbc.regression.LoggedUserTest">
    <skipped/>
  </testcase> <!-- testLoggedUser -->
  <testcase name="testLoggedUser2" time="0.0" classname="org.usgbc.regression.LoggedUserTest">
    <skipped/>
  </testcase> <!-- testLoggedUser2 -->
</testsuite> <!-- FirefoxTest -->
