<?xml version="1.0" encoding="UTF-8"?>
<!-- Generated by org.testng.reporters.JUnitXMLReporter -->
<testsuite hostname="G10GGNLT049" name="FirefoxTest" tests="26" failures="0" timestamp="8 Nov 2017 08:50:44 GMT" time="1.508" errors="0">
  <testcase name="@BeforeMethod getDriver" time="0.0" classname="org.usgbc.regression.CommunityRegistrationTest">
    <failure type="java.lang.NoClassDefFoundError" message="org/openqa/selenium/browserlaunchers/Proxies">
      <![CDATA[java.lang.NoClassDefFoundError: org/openqa/selenium/browserlaunchers/Proxies
	at org.openqa.selenium.firefox.FirefoxDriver.dropCapabilities(FirefoxDriver.java:317)
	at org.openqa.selenium.firefox.FirefoxDriver.<init>(FirefoxDriver.java:195)
	at org.openqa.selenium.firefox.FirefoxDriver.<init>(FirefoxDriver.java:190)
	at org.openqa.selenium.firefox.FirefoxDriver.<init>(FirefoxDriver.java:186)
	at org.openqa.selenium.firefox.FirefoxDriver.<init>(FirefoxDriver.java:99)
	at org.usgbc.utility.Base.getDriver(Base.java:39)
Caused by: java.lang.ClassNotFoundException: org.openqa.selenium.browserlaunchers.Proxies
	at java.net.URLClassLoader.findClass(URLClassLoader.java:381)
	at java.lang.ClassLoader.loadClass(ClassLoader.java:424)
	at sun.misc.Launcher$AppClassLoader.loadClass(Launcher.java:335)
	at java.lang.ClassLoader.loadClass(ClassLoader.java:357)
	... 32 more
... Removed 26 stack frames]]>
    </failure>
  </testcase> <!-- @BeforeMethod getDriver -->
  <testcase name="@AfterMethod closeDriver" time="0.0" classname="org.usgbc.regression.CommunityRegistrationTest">
    <skipped/>
  </testcase> <!-- @AfterMethod closeDriver -->
  <testcase name="@BeforeMethod getDriver" time="0.0" classname="org.usgbc.regression.CommunityRegistrationTest">
    <skipped/>
  </testcase> <!-- @BeforeMethod getDriver -->
  <testcase name="@AfterMethod closeDriver" time="0.0" classname="org.usgbc.regression.CommunityRegistrationTest">
    <skipped/>
  </testcase> <!-- @AfterMethod closeDriver -->
  <testcase name="@BeforeMethod getDriver" time="0.0" classname="org.usgbc.regression.CommunityRegistrationTest">
    <skipped/>
  </testcase> <!-- @BeforeMethod getDriver -->
  <testcase name="@AfterMethod closeDriver" time="0.0" classname="org.usgbc.regression.CommunityRegistrationTest">
    <skipped/>
  </testcase> <!-- @AfterMethod closeDriver -->
  <testcase name="@BeforeMethod getDriver" time="0.0" classname="org.usgbc.regression.CommunityRegistrationTest">
    <skipped/>
  </testcase> <!-- @BeforeMethod getDriver -->
  <testcase name="@AfterMethod closeDriver" time="0.0" classname="org.usgbc.regression.CommunityRegistrationTest">
    <skipped/>
  </testcase> <!-- @AfterMethod closeDriver -->
  <testcase name="@BeforeMethod getDriver" time="0.0" classname="org.usgbc.regression.CommunityRegistrationTest">
    <skipped/>
  </testcase> <!-- @BeforeMethod getDriver -->
  <testcase name="@AfterMethod closeDriver" time="0.0" classname="org.usgbc.regression.CommunityRegistrationTest">
    <skipped/>
  </testcase> <!-- @AfterMethod closeDriver -->
  <testcase name="@BeforeMethod getDriver" time="0.0" classname="org.usgbc.regression.CommunityRegistrationTest">
    <skipped/>
  </testcase> <!-- @BeforeMethod getDriver -->
  <testcase name="@AfterMethod closeDriver" time="0.0" classname="org.usgbc.regression.CommunityRegistrationTest">
    <skipped/>
  </testcase> <!-- @AfterMethod closeDriver -->
  <testcase name="@BeforeMethod getDriver" time="0.0" classname="org.usgbc.regression.CommunityRegistrationCountryFieldTest">
    <skipped/>
  </testcase> <!-- @BeforeMethod getDriver -->
  <testcase name="@AfterMethod closeDriver" time="0.0" classname="org.usgbc.regression.CommunityRegistrationCountryFieldTest">
    <skipped/>
  </testcase> <!-- @AfterMethod closeDriver -->
  <testcase name="@BeforeMethod getDriver" time="0.0" classname="org.usgbc.regression.UsgbcCoreTest">
    <skipped/>
  </testcase> <!-- @BeforeMethod getDriver -->
  <testcase name="@AfterMethod closeDriver" time="0.0" classname="org.usgbc.regression.UsgbcCoreTest">
    <skipped/>
  </testcase> <!-- @AfterMethod closeDriver -->
  <testcase name="@BeforeMethod getDriver" time="0.0" classname="org.usgbc.regression.UsgbcCoreTest">
    <skipped/>
  </testcase> <!-- @BeforeMethod getDriver -->
  <testcase name="@AfterMethod closeDriver" time="0.0" classname="org.usgbc.regression.UsgbcCoreTest">
    <skipped/>
  </testcase> <!-- @AfterMethod closeDriver -->
  <testcase name="@BeforeMethod getDriver" time="0.0" classname="org.usgbc.regression.UsgbcCoreTest">
    <skipped/>
  </testcase> <!-- @BeforeMethod getDriver -->
  <testcase name="@AfterMethod closeDriver" time="0.0" classname="org.usgbc.regression.UsgbcCoreTest">
    <skipped/>
  </testcase> <!-- @AfterMethod closeDriver -->
  <testcase name="@BeforeMethod getDriver" time="0.0" classname="org.usgbc.regression.LoggedUserTest">
    <skipped/>
  </testcase> <!-- @BeforeMethod getDriver -->
  <testcase name="@AfterMethod closeDriver" time="0.0" classname="org.usgbc.regression.LoggedUserTest">
    <skipped/>
  </testcase> <!-- @AfterMethod closeDriver -->
  <testcase name="@BeforeMethod getDriver" time="0.0" classname="org.usgbc.regression.LoggedUserTest">
    <skipped/>
  </testcase> <!-- @BeforeMethod getDriver -->
  <testcase name="@AfterMethod closeDriver" time="0.0" classname="org.usgbc.regression.LoggedUserTest">
    <skipped/>
  </testcase> <!-- @AfterMethod closeDriver -->
  <testcase name="@BeforeMethod getDriver" time="0.0" classname="org.usgbc.regression.ErrorMessageCommRegTest">
    <skipped/>
  </testcase> <!-- @BeforeMethod getDriver -->
  <testcase name="@AfterMethod closeDriver" time="0.0" classname="org.usgbc.regression.ErrorMessageCommRegTest">
    <skipped/>
  </testcase> <!-- @AfterMethod closeDriver -->
  <testcase name="@BeforeMethod getDriver" time="0.0" classname="org.usgbc.regression.ErrorMessageCommRegTest">
    <skipped/>
  </testcase> <!-- @BeforeMethod getDriver -->
  <testcase name="@AfterMethod closeDriver" time="0.0" classname="org.usgbc.regression.ErrorMessageCommRegTest">
    <skipped/>
  </testcase> <!-- @AfterMethod closeDriver -->
  <testcase name="@BeforeMethod getDriver" time="0.0" classname="org.usgbc.regression.ErrorMessageCommRegTest">
    <skipped/>
  </testcase> <!-- @BeforeMethod getDriver -->
  <testcase name="@AfterMethod closeDriver" time="0.0" classname="org.usgbc.regression.ErrorMessageCommRegTest">
    <skipped/>
  </testcase> <!-- @AfterMethod closeDriver -->
  <testcase name="@BeforeMethod getDriver" time="0.0" classname="org.usgbc.regression.UsgbcStoreTest">
    <skipped/>
  </testcase> <!-- @BeforeMethod getDriver -->
  <testcase name="@AfterMethod closeDriver" time="0.0" classname="org.usgbc.regression.UsgbcStoreTest">
    <skipped/>
  </testcase> <!-- @AfterMethod closeDriver -->
  <testcase name="@BeforeMethod getDriver" time="0.0" classname="org.usgbc.regression.UsgbcStoreTest">
    <skipped/>
  </testcase> <!-- @BeforeMethod getDriver -->
  <testcase name="@AfterMethod closeDriver" time="0.0" classname="org.usgbc.regression.UsgbcStoreTest">
    <skipped/>
  </testcase> <!-- @AfterMethod closeDriver -->
  <testcase name="@BeforeMethod getDriver" time="0.0" classname="org.usgbc.regression.UsgbcStoreTest">
    <skipped/>
  </testcase> <!-- @BeforeMethod getDriver -->
  <testcase name="@AfterMethod closeDriver" time="0.0" classname="org.usgbc.regression.UsgbcStoreTest">
    <skipped/>
  </testcase> <!-- @AfterMethod closeDriver -->
  <testcase name="@BeforeMethod getDriver" time="0.0" classname="org.usgbc.regression.UsgbcStoreTest">
    <skipped/>
  </testcase> <!-- @BeforeMethod getDriver -->
  <testcase name="@AfterMethod closeDriver" time="0.0" classname="org.usgbc.regression.UsgbcStoreTest">
    <skipped/>
  </testcase> <!-- @AfterMethod closeDriver -->
  <testcase name="@BeforeMethod getDriver" time="0.0" classname="org.usgbc.regression.UsgbcStoreTest">
    <skipped/>
  </testcase> <!-- @BeforeMethod getDriver -->
  <testcase name="@AfterMethod closeDriver" time="0.0" classname="org.usgbc.regression.UsgbcStoreTest">
    <skipped/>
  </testcase> <!-- @AfterMethod closeDriver -->
  <testcase name="@BeforeMethod getDriver" time="0.0" classname="org.usgbc.regression.StoreTest">
    <skipped/>
  </testcase> <!-- @BeforeMethod getDriver -->
  <testcase name="@AfterMethod closeDriver" time="0.0" classname="org.usgbc.regression.StoreTest">
    <skipped/>
  </testcase> <!-- @AfterMethod closeDriver -->
  <testcase name="@BeforeMethod getDriver" time="0.0" classname="org.usgbc.regression.StoreTest">
    <skipped/>
  </testcase> <!-- @BeforeMethod getDriver -->
  <testcase name="@AfterMethod closeDriver" time="0.0" classname="org.usgbc.regression.StoreTest">
    <skipped/>
  </testcase> <!-- @AfterMethod closeDriver -->
  <testcase name="@BeforeMethod getDriver" time="0.0" classname="org.usgbc.regression.StoreTest">
    <skipped/>
  </testcase> <!-- @BeforeMethod getDriver -->
  <testcase name="@AfterMethod closeDriver" time="0.0" classname="org.usgbc.regression.StoreTest">
    <skipped/>
  </testcase> <!-- @AfterMethod closeDriver -->
  <testcase name="@BeforeMethod getDriver" time="0.0" classname="org.usgbc.regression.StoreTest">
    <skipped/>
  </testcase> <!-- @BeforeMethod getDriver -->
  <testcase name="@AfterMethod closeDriver" time="0.0" classname="org.usgbc.regression.StoreTest">
    <skipped/>
  </testcase> <!-- @AfterMethod closeDriver -->
  <testcase name="@BeforeMethod getDriver" time="0.0" classname="org.usgbc.regression.StoreTest">
    <skipped/>
  </testcase> <!-- @BeforeMethod getDriver -->
  <testcase name="@AfterMethod closeDriver" time="0.0" classname="org.usgbc.regression.StoreTest">
    <skipped/>
  </testcase> <!-- @AfterMethod closeDriver -->
  <testcase name="@BeforeMethod getDriver" time="0.0" classname="org.usgbc.regression.StoreTest">
    <skipped/>
  </testcase> <!-- @BeforeMethod getDriver -->
  <testcase name="@AfterMethod closeDriver" time="0.0" classname="org.usgbc.regression.StoreTest">
    <skipped/>
  </testcase> <!-- @AfterMethod closeDriver -->
  <testcase name="testCommunityRegistrationForExistingUser" time="0.0" classname="org.usgbc.regression.CommunityRegistrationTest">
    <skipped/>
  </testcase> <!-- testCommunityRegistrationForExistingUser -->
  <testcase name="testCommunityRegistrationForExistingUser" time="0.0" classname="org.usgbc.regression.CommunityRegistrationTest">
    <skipped/>
  </testcase> <!-- testCommunityRegistrationForExistingUser -->
  <testcase name="testCommunityRegistrationForNonExistingUser" time="0.0" classname="org.usgbc.regression.CommunityRegistrationTest">
    <skipped/>
  </testcase> <!-- testCommunityRegistrationForNonExistingUser -->
  <testcase name="testCommunityRegistrationForNonExistingUserToGetRegistered" time="0.0" classname="org.usgbc.regression.CommunityRegistrationTest">
    <skipped/>
  </testcase> <!-- testCommunityRegistrationForNonExistingUserToGetRegistered -->
  <testcase name="testCommunityRegistrationForNonExistingUserToGetRegistered" time="0.0" classname="org.usgbc.regression.CommunityRegistrationTest">
    <skipped/>
  </testcase> <!-- testCommunityRegistrationForNonExistingUserToGetRegistered -->
  <testcase name="testCommunityRegistrationForNonExistingUserToGetRegistered" time="0.0" classname="org.usgbc.regression.CommunityRegistrationTest">
    <skipped/>
  </testcase> <!-- testCommunityRegistrationForNonExistingUserToGetRegistered -->
  <testcase name="testCommunityRegistrationCountryField" time="0.0" classname="org.usgbc.regression.CommunityRegistrationCountryFieldTest">
    <skipped/>
  </testcase> <!-- testCommunityRegistrationCountryField -->
  <testcase name="testUsgbcCoreForExistingUser" time="0.0" classname="org.usgbc.regression.UsgbcCoreTest">
    <skipped/>
  </testcase> <!-- testUsgbcCoreForExistingUser -->
  <testcase name="testUsgbcCoreForNonExistingUser" time="0.001" classname="org.usgbc.regression.UsgbcCoreTest">
    <skipped/>
  </testcase> <!-- testUsgbcCoreForNonExistingUser -->
  <testcase name="testUsgbcCoreForNonExistingUserToGetRegistered" time="0.0" classname="org.usgbc.regression.UsgbcCoreTest">
    <skipped/>
  </testcase> <!-- testUsgbcCoreForNonExistingUserToGetRegistered -->
  <testcase name="testLoggedUser" time="0.0" classname="org.usgbc.regression.LoggedUserTest">
    <skipped/>
  </testcase> <!-- testLoggedUser -->
  <testcase name="testLoggedUser2" time="0.0" classname="org.usgbc.regression.LoggedUserTest">
    <skipped/>
  </testcase> <!-- testLoggedUser2 -->
  <testcase name="testErrorMessagesCommReg" time="0.0" classname="org.usgbc.regression.ErrorMessageCommRegTest">
    <skipped/>
  </testcase> <!-- testErrorMessagesCommReg -->
  <testcase name="testErrorMessagesCommRegCondition2" time="0.0" classname="org.usgbc.regression.ErrorMessageCommRegTest">
    <skipped/>
  </testcase> <!-- testErrorMessagesCommRegCondition2 -->
  <testcase name="testErrorMessagesCommRegCondition3" time="0.0" classname="org.usgbc.regression.ErrorMessageCommRegTest">
    <skipped/>
  </testcase> <!-- testErrorMessagesCommRegCondition3 -->
  <testcase name="testUsgbcStore" time="0.0" classname="org.usgbc.regression.UsgbcStoreTest">
    <skipped/>
  </testcase> <!-- testUsgbcStore -->
  <testcase name="testUsgbcStoreGreen" time="0.0" classname="org.usgbc.regression.UsgbcStoreTest">
    <skipped/>
  </testcase> <!-- testUsgbcStoreGreen -->
  <testcase name="testUsgbcStoreGreen2" time="0.0" classname="org.usgbc.regression.UsgbcStoreTest">
    <skipped/>
  </testcase> <!-- testUsgbcStoreGreen2 -->
  <testcase name="testUsgbcStoreLEED" time="0.0" classname="org.usgbc.regression.UsgbcStoreTest">
    <skipped/>
  </testcase> <!-- testUsgbcStoreLEED -->
  <testcase name="testUsgbcStoreLEED2" time="0.001" classname="org.usgbc.regression.UsgbcStoreTest">
    <skipped/>
  </testcase> <!-- testUsgbcStoreLEED2 -->
  <testcase name="testShoppingCartLink" time="0.001" classname="org.usgbc.regression.StoreTest">
    <skipped/>
  </testcase> <!-- testShoppingCartLink -->
  <testcase name="testShoppingCartLink2" time="0.002" classname="org.usgbc.regression.StoreTest">
    <skipped/>
  </testcase> <!-- testShoppingCartLink2 -->
  <testcase name="testShoppingCartLink3" time="0.001" classname="org.usgbc.regression.StoreTest">
    <skipped/>
  </testcase> <!-- testShoppingCartLink3 -->
  <testcase name="testStoreGreen" time="0.001" classname="org.usgbc.regression.StoreTest">
    <skipped/>
  </testcase> <!-- testStoreGreen -->
  <testcase name="testStoreLEED" time="0.002" classname="org.usgbc.regression.StoreTest">
    <skipped/>
  </testcase> <!-- testStoreLEED -->
  <testcase name="testStoreLEEDandGreen" time="0.0" classname="org.usgbc.regression.StoreTest">
    <skipped/>
  </testcase> <!-- testStoreLEEDandGreen -->
</testsuite> <!-- FirefoxTest -->
