<?xml version="1.0" encoding="UTF-8"?>
<!-- Generated by org.testng.reporters.JUnitXMLReporter -->
<testsuite hostname="G10GGNLT049" ignored="0" name="Test" tests="1" failures="0" timestamp="19 Nov 2017 09:52:03 GMT" time="0.052" errors="0">
  <testcase name="@BeforeMethod setup" time="0.0" classname="org.usgbc.utility.Base">
    <failure type="org.testng.TestNGException" message="
Parameter &amp;apos;browser&amp;apos; is required by BeforeMethod on method setup but has not been marked @Optional or defined
in C:\Users\Groupten\eclipse-workspace\usgbc\testng.xml">
      <![CDATA[org.testng.TestNGException: 
Parameter 'browser' is required by BeforeMethod on method setup but has not been marked @Optional or defined
in C:\Users\Groupten\eclipse-workspace\usgbc\testng.xml
... Removed 24 stack frames]]>
    </failure>
  </testcase> <!-- @BeforeMethod setup -->
  <testcase name="testCommunityRegistrationForNonExistingUser" time="0.0" classname="org.usgbc.regression.Donation.HaitiTest">
    <skipped/>
  </testcase> <!-- testCommunityRegistrationForNonExistingUser -->
</testsuite> <!-- Test -->
