-------------------------------------------------------------------------------
Test set: TestSuite
-------------------------------------------------------------------------------
Tests run: 57, Failures: 1, Errors: 0, Skipped: 55, Time elapsed: 75.263 sec <<< FAILURE! - in TestSuite
tearDown(org.usgbc.regression.MembershipTest)  Time elapsed: 55.903 sec  <<< FAILURE!
java.lang.IllegalArgumentException: wrong number of arguments

