<?xml version="1.0" encoding="UTF-8"?>
<testng-results skipped="19" failed="1" total="20" passed="0">
  <reporter-output>
  </reporter-output>
  <suite name="Suite" duration-ms="14911" started-at="2017-11-02T06:35:43Z" finished-at="2017-11-02T06:35:58Z">
    <groups>
    </groups>
    <test name="Test" duration-ms="14911" started-at="2017-11-02T06:35:43Z" finished-at="2017-11-02T06:35:58Z">
      <class name="com.usgbc.dev.regression.StoreTest">
        <test-method status="SKIP" signature="testShoppingCartLink()[pri:0, instance:com.usgbc.dev.regression.StoreTest@735b478]" name="testShoppingCartLink" duration-ms="0" started-at="2017-11-02T12:05:58Z" finished-at="2017-11-02T12:05:58Z">
          <reporter-output>
          </reporter-output>
        </test-method> <!-- testShoppingCartLink -->
        <test-method status="SKIP" signature="closeDriver(org.testng.ITestResult)[pri:0, instance:com.usgbc.dev.regression.StoreTest@735b478]" name="closeDriver" is-config="true" duration-ms="0" started-at="2017-11-02T12:05:58Z" finished-at="2017-11-02T12:05:58Z">
          <reporter-output>
          </reporter-output>
        </test-method> <!-- closeDriver -->
        <test-method status="SKIP" signature="getDriver()[pri:0, instance:com.usgbc.dev.regression.StoreTest@735b478]" name="getDriver" is-config="true" duration-ms="0" started-at="2017-11-02T12:05:58Z" finished-at="2017-11-02T12:05:58Z">
          <reporter-output>
          </reporter-output>
        </test-method> <!-- getDriver -->
        <test-method status="SKIP" signature="getDriver()[pri:0, instance:com.usgbc.dev.regression.StoreTest@735b478]" name="getDriver" is-config="true" duration-ms="0" started-at="2017-11-02T12:05:58Z" finished-at="2017-11-02T12:05:58Z">
          <reporter-output>
          </reporter-output>
        </test-method> <!-- getDriver -->
        <test-method status="SKIP" signature="testShoppingCartLink3()[pri:0, instance:com.usgbc.dev.regression.StoreTest@735b478]" name="testShoppingCartLink3" duration-ms="0" started-at="2017-11-02T12:05:58Z" finished-at="2017-11-02T12:05:58Z">
          <reporter-output>
          </reporter-output>
        </test-method> <!-- testShoppingCartLink3 -->
        <test-method status="SKIP" signature="testShoppingCartLink2()[pri:0, instance:com.usgbc.dev.regression.StoreTest@735b478]" name="testShoppingCartLink2" duration-ms="0" started-at="2017-11-02T12:05:58Z" finished-at="2017-11-02T12:05:58Z">
          <reporter-output>
          </reporter-output>
        </test-method> <!-- testShoppingCartLink2 -->
        <test-method status="SKIP" signature="closeDriver(org.testng.ITestResult)[pri:0, instance:com.usgbc.dev.regression.StoreTest@735b478]" name="closeDriver" is-config="true" duration-ms="0" started-at="2017-11-02T12:05:58Z" finished-at="2017-11-02T12:05:58Z">
          <reporter-output>
          </reporter-output>
        </test-method> <!-- closeDriver -->
        <test-method status="SKIP" signature="getDriver()[pri:0, instance:com.usgbc.dev.regression.StoreTest@735b478]" name="getDriver" is-config="true" duration-ms="0" started-at="2017-11-02T12:05:58Z" finished-at="2017-11-02T12:05:58Z">
          <reporter-output>
          </reporter-output>
        </test-method> <!-- getDriver -->
        <test-method status="SKIP" signature="closeDriver(org.testng.ITestResult)[pri:0, instance:com.usgbc.dev.regression.StoreTest@735b478]" name="closeDriver" is-config="true" duration-ms="0" started-at="2017-11-02T12:05:58Z" finished-at="2017-11-02T12:05:58Z">
          <reporter-output>
          </reporter-output>
        </test-method> <!-- closeDriver -->
        <test-method status="SKIP" signature="closeDriver(org.testng.ITestResult)[pri:0, instance:com.usgbc.dev.regression.StoreTest@735b478]" name="closeDriver" is-config="true" duration-ms="0" started-at="2017-11-02T12:05:58Z" finished-at="2017-11-02T12:05:58Z">
          <reporter-output>
          </reporter-output>
        </test-method> <!-- closeDriver -->
        <test-method status="SKIP" signature="testStoreGreen()[pri:0, instance:com.usgbc.dev.regression.StoreTest@735b478]" name="testStoreGreen" duration-ms="0" started-at="2017-11-02T12:05:58Z" finished-at="2017-11-02T12:05:58Z">
          <reporter-output>
          </reporter-output>
        </test-method> <!-- testStoreGreen -->
        <test-method status="SKIP" signature="testStoreLEED()[pri:0, instance:com.usgbc.dev.regression.StoreTest@735b478]" name="testStoreLEED" duration-ms="1" started-at="2017-11-02T12:05:58Z" finished-at="2017-11-02T12:05:58Z">
          <reporter-output>
          </reporter-output>
        </test-method> <!-- testStoreLEED -->
        <test-method status="SKIP" signature="getDriver()[pri:0, instance:com.usgbc.dev.regression.StoreTest@735b478]" name="getDriver" is-config="true" duration-ms="0" started-at="2017-11-02T12:05:58Z" finished-at="2017-11-02T12:05:58Z">
          <reporter-output>
          </reporter-output>
        </test-method> <!-- getDriver -->
        <test-method status="SKIP" signature="getDriver()[pri:0, instance:com.usgbc.dev.regression.StoreTest@735b478]" name="getDriver" is-config="true" duration-ms="0" started-at="2017-11-02T12:05:58Z" finished-at="2017-11-02T12:05:58Z">
          <reporter-output>
          </reporter-output>
        </test-method> <!-- getDriver -->
        <test-method status="SKIP" signature="getDriver()[pri:0, instance:com.usgbc.dev.regression.StoreTest@735b478]" name="getDriver" is-config="true" duration-ms="0" started-at="2017-11-02T12:05:58Z" finished-at="2017-11-02T12:05:58Z">
          <reporter-output>
          </reporter-output>
        </test-method> <!-- getDriver -->
        <test-method status="SKIP" signature="testStoreLEEDandGreen()[pri:0, instance:com.usgbc.dev.regression.StoreTest@735b478]" name="testStoreLEEDandGreen" duration-ms="1" started-at="2017-11-02T12:05:58Z" finished-at="2017-11-02T12:05:58Z">
          <reporter-output>
          </reporter-output>
        </test-method> <!-- testStoreLEEDandGreen -->
        <test-method status="SKIP" signature="closeDriver(org.testng.ITestResult)[pri:0, instance:com.usgbc.dev.regression.StoreTest@735b478]" name="closeDriver" is-config="true" duration-ms="0" started-at="2017-11-02T12:05:58Z" finished-at="2017-11-02T12:05:58Z">
          <reporter-output>
          </reporter-output>
        </test-method> <!-- closeDriver -->
        <test-method status="SKIP" signature="closeDriver(org.testng.ITestResult)[pri:0, instance:com.usgbc.dev.regression.StoreTest@735b478]" name="closeDriver" is-config="true" duration-ms="0" started-at="2017-11-02T12:05:58Z" finished-at="2017-11-02T12:05:58Z">
          <reporter-output>
          </reporter-output>
        </test-method> <!-- closeDriver -->
      </class> <!-- com.usgbc.dev.regression.StoreTest -->
      <class name="com.usgbc.dev.regression.LoggedUserTest">
        <test-method status="SKIP" signature="testLoggedUser()[pri:0, instance:com.usgbc.dev.regression.LoggedUserTest@3551a94]" name="testLoggedUser" duration-ms="0" started-at="2017-11-02T12:05:58Z" finished-at="2017-11-02T12:05:58Z">
          <reporter-output>
          </reporter-output>
        </test-method> <!-- testLoggedUser -->
        <test-method status="SKIP" signature="getDriver()[pri:0, instance:com.usgbc.dev.regression.LoggedUserTest@3551a94]" name="getDriver" is-config="true" duration-ms="0" started-at="2017-11-02T12:05:58Z" finished-at="2017-11-02T12:05:58Z">
          <reporter-output>
          </reporter-output>
        </test-method> <!-- getDriver -->
        <test-method status="SKIP" signature="closeDriver(org.testng.ITestResult)[pri:0, instance:com.usgbc.dev.regression.LoggedUserTest@3551a94]" name="closeDriver" is-config="true" duration-ms="0" started-at="2017-11-02T12:05:58Z" finished-at="2017-11-02T12:05:58Z">
          <reporter-output>
          </reporter-output>
        </test-method> <!-- closeDriver -->
        <test-method status="SKIP" signature="closeDriver(org.testng.ITestResult)[pri:0, instance:com.usgbc.dev.regression.LoggedUserTest@3551a94]" name="closeDriver" is-config="true" duration-ms="0" started-at="2017-11-02T12:05:58Z" finished-at="2017-11-02T12:05:58Z">
          <reporter-output>
          </reporter-output>
        </test-method> <!-- closeDriver -->
        <test-method status="SKIP" signature="getDriver()[pri:0, instance:com.usgbc.dev.regression.LoggedUserTest@3551a94]" name="getDriver" is-config="true" duration-ms="0" started-at="2017-11-02T12:05:58Z" finished-at="2017-11-02T12:05:58Z">
          <reporter-output>
          </reporter-output>
        </test-method> <!-- getDriver -->
        <test-method status="SKIP" signature="testLoggedUser2()[pri:0, instance:com.usgbc.dev.regression.LoggedUserTest@3551a94]" name="testLoggedUser2" duration-ms="0" started-at="2017-11-02T12:05:58Z" finished-at="2017-11-02T12:05:58Z">
          <reporter-output>
          </reporter-output>
        </test-method> <!-- testLoggedUser2 -->
      </class> <!-- com.usgbc.dev.regression.LoggedUserTest -->
      <class name="com.usgbc.dev.regression.CommunityRegistrationCountryFieldTest">
        <test-method status="SKIP" signature="getDriver()[pri:0, instance:com.usgbc.dev.regression.CommunityRegistrationCountryFieldTest@36f6e879]" name="getDriver" is-config="true" duration-ms="0" started-at="2017-11-02T12:05:58Z" finished-at="2017-11-02T12:05:58Z">
          <reporter-output>
          </reporter-output>
        </test-method> <!-- getDriver -->
        <test-method status="SKIP" signature="testCommunityRegistrationCountryField()[pri:0, instance:com.usgbc.dev.regression.CommunityRegistrationCountryFieldTest@36f6e879]" name="testCommunityRegistrationCountryField" duration-ms="0" started-at="2017-11-02T12:05:58Z" finished-at="2017-11-02T12:05:58Z">
          <reporter-output>
          </reporter-output>
        </test-method> <!-- testCommunityRegistrationCountryField -->
        <test-method status="SKIP" signature="closeDriver(org.testng.ITestResult)[pri:0, instance:com.usgbc.dev.regression.CommunityRegistrationCountryFieldTest@36f6e879]" name="closeDriver" is-config="true" duration-ms="0" started-at="2017-11-02T12:05:58Z" finished-at="2017-11-02T12:05:58Z">
          <reporter-output>
          </reporter-output>
        </test-method> <!-- closeDriver -->
      </class> <!-- com.usgbc.dev.regression.CommunityRegistrationCountryFieldTest -->
      <class name="com.usgbc.dev.regression.UsgbcStoreTest">
        <test-method status="SKIP" signature="testUsgbcStore()[pri:0, instance:com.usgbc.dev.regression.UsgbcStoreTest@52af6cff]" name="testUsgbcStore" duration-ms="0" started-at="2017-11-02T12:05:58Z" finished-at="2017-11-02T12:05:58Z">
          <reporter-output>
          </reporter-output>
        </test-method> <!-- testUsgbcStore -->
        <test-method status="SKIP" signature="closeDriver(org.testng.ITestResult)[pri:0, instance:com.usgbc.dev.regression.UsgbcStoreTest@52af6cff]" name="closeDriver" is-config="true" duration-ms="0" started-at="2017-11-02T12:05:58Z" finished-at="2017-11-02T12:05:58Z">
          <reporter-output>
          </reporter-output>
        </test-method> <!-- closeDriver -->
        <test-method status="SKIP" signature="getDriver()[pri:0, instance:com.usgbc.dev.regression.UsgbcStoreTest@52af6cff]" name="getDriver" is-config="true" duration-ms="0" started-at="2017-11-02T12:05:58Z" finished-at="2017-11-02T12:05:58Z">
          <reporter-output>
          </reporter-output>
        </test-method> <!-- getDriver -->
        <test-method status="SKIP" signature="testUsgbcStoreGreen()[pri:0, instance:com.usgbc.dev.regression.UsgbcStoreTest@52af6cff]" name="testUsgbcStoreGreen" duration-ms="0" started-at="2017-11-02T12:05:58Z" finished-at="2017-11-02T12:05:58Z">
          <reporter-output>
          </reporter-output>
        </test-method> <!-- testUsgbcStoreGreen -->
        <test-method status="SKIP" signature="getDriver()[pri:0, instance:com.usgbc.dev.regression.UsgbcStoreTest@52af6cff]" name="getDriver" is-config="true" duration-ms="0" started-at="2017-11-02T12:05:58Z" finished-at="2017-11-02T12:05:58Z">
          <reporter-output>
          </reporter-output>
        </test-method> <!-- getDriver -->
        <test-method status="SKIP" signature="closeDriver(org.testng.ITestResult)[pri:0, instance:com.usgbc.dev.regression.UsgbcStoreTest@52af6cff]" name="closeDriver" is-config="true" duration-ms="0" started-at="2017-11-02T12:05:58Z" finished-at="2017-11-02T12:05:58Z">
          <reporter-output>
          </reporter-output>
        </test-method> <!-- closeDriver -->
        <test-method status="SKIP" signature="getDriver()[pri:0, instance:com.usgbc.dev.regression.UsgbcStoreTest@52af6cff]" name="getDriver" is-config="true" duration-ms="0" started-at="2017-11-02T12:05:58Z" finished-at="2017-11-02T12:05:58Z">
          <reporter-output>
          </reporter-output>
        </test-method> <!-- getDriver -->
        <test-method status="SKIP" signature="testUsgbcStoreGreen2()[pri:0, instance:com.usgbc.dev.regression.UsgbcStoreTest@52af6cff]" name="testUsgbcStoreGreen2" duration-ms="0" started-at="2017-11-02T12:05:58Z" finished-at="2017-11-02T12:05:58Z">
          <reporter-output>
          </reporter-output>
        </test-method> <!-- testUsgbcStoreGreen2 -->
        <test-method status="SKIP" signature="closeDriver(org.testng.ITestResult)[pri:0, instance:com.usgbc.dev.regression.UsgbcStoreTest@52af6cff]" name="closeDriver" is-config="true" duration-ms="0" started-at="2017-11-02T12:05:58Z" finished-at="2017-11-02T12:05:58Z">
          <reporter-output>
          </reporter-output>
        </test-method> <!-- closeDriver -->
        <test-method status="SKIP" signature="getDriver()[pri:0, instance:com.usgbc.dev.regression.UsgbcStoreTest@52af6cff]" name="getDriver" is-config="true" duration-ms="0" started-at="2017-11-02T12:05:58Z" finished-at="2017-11-02T12:05:58Z">
          <reporter-output>
          </reporter-output>
        </test-method> <!-- getDriver -->
        <test-method status="SKIP" signature="testUsgbcStoreLEED2()[pri:0, instance:com.usgbc.dev.regression.UsgbcStoreTest@52af6cff]" name="testUsgbcStoreLEED2" duration-ms="0" started-at="2017-11-02T12:05:58Z" finished-at="2017-11-02T12:05:58Z">
          <reporter-output>
          </reporter-output>
        </test-method> <!-- testUsgbcStoreLEED2 -->
        <test-method status="SKIP" signature="closeDriver(org.testng.ITestResult)[pri:0, instance:com.usgbc.dev.regression.UsgbcStoreTest@52af6cff]" name="closeDriver" is-config="true" duration-ms="0" started-at="2017-11-02T12:05:58Z" finished-at="2017-11-02T12:05:58Z">
          <reporter-output>
          </reporter-output>
        </test-method> <!-- closeDriver -->
        <test-method status="SKIP" signature="getDriver()[pri:0, instance:com.usgbc.dev.regression.UsgbcStoreTest@52af6cff]" name="getDriver" is-config="true" duration-ms="0" started-at="2017-11-02T12:05:58Z" finished-at="2017-11-02T12:05:58Z">
          <reporter-output>
          </reporter-output>
        </test-method> <!-- getDriver -->
        <test-method status="SKIP" signature="closeDriver(org.testng.ITestResult)[pri:0, instance:com.usgbc.dev.regression.UsgbcStoreTest@52af6cff]" name="closeDriver" is-config="true" duration-ms="0" started-at="2017-11-02T12:05:58Z" finished-at="2017-11-02T12:05:58Z">
          <reporter-output>
          </reporter-output>
        </test-method> <!-- closeDriver -->
        <test-method status="SKIP" signature="testUsgbcStoreLEED()[pri:0, instance:com.usgbc.dev.regression.UsgbcStoreTest@52af6cff]" name="testUsgbcStoreLEED" duration-ms="0" started-at="2017-11-02T12:05:58Z" finished-at="2017-11-02T12:05:58Z">
          <reporter-output>
          </reporter-output>
        </test-method> <!-- testUsgbcStoreLEED -->
      </class> <!-- com.usgbc.dev.regression.UsgbcStoreTest -->
      <class name="com.usgbc.dev.regression.MembershipTest">
        <test-method status="SKIP" signature="closeDriver(org.testng.ITestResult)[pri:0, instance:com.usgbc.dev.regression.MembershipTest@2c9f9fb0]" name="closeDriver" is-config="true" duration-ms="0" started-at="2017-11-02T12:05:58Z" finished-at="2017-11-02T12:05:58Z">
          <reporter-output>
          </reporter-output>
        </test-method> <!-- closeDriver -->
        <test-method status="SKIP" signature="testMembership()[pri:0, instance:com.usgbc.dev.regression.MembershipTest@2c9f9fb0]" name="testMembership" duration-ms="0" started-at="2017-11-02T12:05:58Z" finished-at="2017-11-02T12:05:58Z">
          <reporter-output>
          </reporter-output>
        </test-method> <!-- testMembership -->
        <test-method status="SKIP" signature="getDriver()[pri:0, instance:com.usgbc.dev.regression.MembershipTest@2c9f9fb0]" name="getDriver" is-config="true" duration-ms="0" started-at="2017-11-02T12:05:58Z" finished-at="2017-11-02T12:05:58Z">
          <reporter-output>
          </reporter-output>
        </test-method> <!-- getDriver -->
      </class> <!-- com.usgbc.dev.regression.MembershipTest -->
      <class name="com.usgbc.dev.regression.CommunityRegistrationTest">
        <test-method status="PASS" signature="getDriver()[pri:0, instance:com.usgbc.dev.regression.CommunityRegistrationTest@54a097cc]" name="getDriver" is-config="true" duration-ms="7842" started-at="2017-11-02T12:05:43Z" finished-at="2017-11-02T12:05:51Z">
          <reporter-output>
          </reporter-output>
        </test-method> <!-- getDriver -->
        <test-method status="FAIL" signature="testCommunityRegistration()[pri:0, instance:com.usgbc.dev.regression.CommunityRegistrationTest@54a097cc]" name="testCommunityRegistration" duration-ms="5995" started-at="2017-11-02T12:05:51Z" finished-at="2017-11-02T12:05:57Z">
          <exception class="org.openqa.selenium.remote.UnreachableBrowserException">
            <message>
              <![CDATA[Error communicating with the remote browser. It may have died.
Build info: version: '2.53.1', revision: 'a36b8b1cd5757287168e54b817830adce9b0158d', time: '2016-06-30 19:26:09'
System info: host: 'G10GGNLT049', ip: '192.168.56.1', os.name: 'Windows 10', os.arch: 'amd64', os.version: '10.0', java.version: '1.8.0_131'
Driver info: driver.version: RemoteWebDriver
Capabilities [{applicationCacheEnabled=true, rotatable=false, handlesAlerts=true, databaseEnabled=true, version=47.0.1, platform=WINDOWS, nativeEvents=false, acceptSslCerts=true, webStorageEnabled=true, locationContextEnabled=true, browserName=firefox, takesScreenshot=true, javascriptEnabled=true, cssSelectorsEnabled=true}]
Session ID: a2c65b64-974f-472c-a18f-0b1c8eeda9d3]]>
            </message>
            <full-stacktrace>
              <![CDATA[org.openqa.selenium.remote.UnreachableBrowserException: Error communicating with the remote browser. It may have died.
Build info: version: '2.53.1', revision: 'a36b8b1cd5757287168e54b817830adce9b0158d', time: '2016-06-30 19:26:09'
System info: host: 'G10GGNLT049', ip: '192.168.56.1', os.name: 'Windows 10', os.arch: 'amd64', os.version: '10.0', java.version: '1.8.0_131'
Driver info: driver.version: RemoteWebDriver
Capabilities [{applicationCacheEnabled=true, rotatable=false, handlesAlerts=true, databaseEnabled=true, version=47.0.1, platform=WINDOWS, nativeEvents=false, acceptSslCerts=true, webStorageEnabled=true, locationContextEnabled=true, browserName=firefox, takesScreenshot=true, javascriptEnabled=true, cssSelectorsEnabled=true}]
Session ID: a2c65b64-974f-472c-a18f-0b1c8eeda9d3
	at org.openqa.selenium.remote.RemoteWebDriver.execute(RemoteWebDriver.java:665)
	at org.openqa.selenium.remote.RemoteWebDriver.get(RemoteWebDriver.java:316)
	at com.usgbc.dev.regression.CommunityRegistrationTest.testCommunityRegistration(CommunityRegistrationTest.java:18)
	at sun.reflect.NativeMethodAccessorImpl.invoke0(Native Method)
	at sun.reflect.NativeMethodAccessorImpl.invoke(NativeMethodAccessorImpl.java:62)
	at sun.reflect.DelegatingMethodAccessorImpl.invoke(DelegatingMethodAccessorImpl.java:43)
	at java.lang.reflect.Method.invoke(Method.java:498)
	at org.testng.internal.MethodInvocationHelper.invokeMethod(MethodInvocationHelper.java:85)
	at org.testng.internal.Invoker.invokeMethod(Invoker.java:639)
	at org.testng.internal.Invoker.invokeTestMethod(Invoker.java:816)
	at org.testng.internal.Invoker.invokeTestMethods(Invoker.java:1124)
	at org.testng.internal.TestMethodWorker.invokeTestMethods(TestMethodWorker.java:125)
	at org.testng.internal.TestMethodWorker.run(TestMethodWorker.java:108)
	at org.testng.TestRunner.privateRun(TestRunner.java:774)
	at org.testng.TestRunner.run(TestRunner.java:624)
	at org.testng.SuiteRunner.runTest(SuiteRunner.java:359)
	at org.testng.SuiteRunner.runSequentially(SuiteRunner.java:354)
	at org.testng.SuiteRunner.privateRun(SuiteRunner.java:312)
	at org.testng.SuiteRunner.run(SuiteRunner.java:261)
	at org.testng.SuiteRunnerWorker.runSuite(SuiteRunnerWorker.java:52)
	at org.testng.SuiteRunnerWorker.run(SuiteRunnerWorker.java:86)
	at org.testng.TestNG.runSuitesSequentially(TestNG.java:1191)
	at org.testng.TestNG.runSuitesLocally(TestNG.java:1116)
	at org.testng.TestNG.run(TestNG.java:1024)
	at org.apache.maven.surefire.testng.TestNGExecutor.run(TestNGExecutor.java:178)
	at org.apache.maven.surefire.testng.TestNGXmlTestSuite.execute(TestNGXmlTestSuite.java:92)
	at org.apache.maven.surefire.testng.TestNGProvider.invoke(TestNGProvider.java:96)
	at sun.reflect.NativeMethodAccessorImpl.invoke0(Native Method)
	at sun.reflect.NativeMethodAccessorImpl.invoke(NativeMethodAccessorImpl.java:62)
	at sun.reflect.DelegatingMethodAccessorImpl.invoke(DelegatingMethodAccessorImpl.java:43)
	at java.lang.reflect.Method.invoke(Method.java:498)
	at org.apache.maven.surefire.util.ReflectionUtils.invokeMethodWithArray(ReflectionUtils.java:189)
	at org.apache.maven.surefire.booter.ProviderFactory$ProviderProxy.invoke(ProviderFactory.java:165)
	at org.apache.maven.surefire.booter.ProviderFactory.invokeProvider(ProviderFactory.java:85)
	at org.apache.maven.surefire.booter.ForkedBooter.runSuitesInProcess(ForkedBooter.java:113)
	at org.apache.maven.surefire.booter.ForkedBooter.main(ForkedBooter.java:75)
Caused by: org.apache.http.conn.HttpHostConnectException: Connect to 127.0.0.1:7056 [/127.0.0.1] failed: Connection refused: connect
	at org.apache.http.impl.conn.DefaultHttpClientConnectionOperator.connect(DefaultHttpClientConnectionOperator.java:151)
	at org.apache.http.impl.conn.PoolingHttpClientConnectionManager.connect(PoolingHttpClientConnectionManager.java:353)
	at org.apache.http.impl.execchain.MainClientExec.establishRoute(MainClientExec.java:380)
	at org.apache.http.impl.execchain.MainClientExec.execute(MainClientExec.java:236)
	at org.apache.http.impl.execchain.ProtocolExec.execute(ProtocolExec.java:184)
	at org.apache.http.impl.execchain.RetryExec.execute(RetryExec.java:88)
	at org.apache.http.impl.execchain.RedirectExec.execute(RedirectExec.java:110)
	at org.apache.http.impl.client.InternalHttpClient.doExecute(InternalHttpClient.java:184)
	at org.apache.http.impl.client.CloseableHttpClient.execute(CloseableHttpClient.java:71)
	at org.apache.http.impl.client.CloseableHttpClient.execute(CloseableHttpClient.java:55)
	at org.openqa.selenium.remote.internal.ApacheHttpClient.fallBackExecute(ApacheHttpClient.java:162)
	at org.openqa.selenium.remote.internal.ApacheHttpClient.execute(ApacheHttpClient.java:90)
	at org.openqa.selenium.remote.HttpCommandExecutor.execute(HttpCommandExecutor.java:142)
	at org.openqa.selenium.firefox.internal.NewProfileExtensionConnection.execute(NewProfileExtensionConnection.java:160)
	at org.openqa.selenium.firefox.FirefoxDriver$LazyCommandExecutor.execute(FirefoxDriver.java:380)
	at org.openqa.selenium.remote.RemoteWebDriver.execute(RemoteWebDriver.java:644)
	... 35 more
Caused by: java.net.ConnectException: Connection refused: connect
	at java.net.DualStackPlainSocketImpl.waitForConnect(Native Method)
	at java.net.DualStackPlainSocketImpl.socketConnect(DualStackPlainSocketImpl.java:85)
	at java.net.AbstractPlainSocketImpl.doConnect(AbstractPlainSocketImpl.java:350)
	at java.net.AbstractPlainSocketImpl.connectToAddress(AbstractPlainSocketImpl.java:206)
	at java.net.AbstractPlainSocketImpl.connect(AbstractPlainSocketImpl.java:188)
	at java.net.PlainSocketImpl.connect(PlainSocketImpl.java:172)
	at java.net.SocksSocketImpl.connect(SocksSocketImpl.java:392)
	at java.net.Socket.connect(Socket.java:589)
	at org.apache.http.conn.socket.PlainConnectionSocketFactory.connectSocket(PlainConnectionSocketFactory.java:74)
	at org.apache.http.impl.conn.DefaultHttpClientConnectionOperator.connect(DefaultHttpClientConnectionOperator.java:134)
	... 50 more
]]>
            </full-stacktrace>
          </exception> <!-- org.openqa.selenium.remote.UnreachableBrowserException -->
          <reporter-output>
          </reporter-output>
        </test-method> <!-- testCommunityRegistration -->
        <test-method status="FAIL" signature="closeDriver(org.testng.ITestResult)[pri:0, instance:com.usgbc.dev.regression.CommunityRegistrationTest@54a097cc]" name="closeDriver" is-config="true" duration-ms="0" started-at="2017-11-02T12:05:57Z" finished-at="2017-11-02T12:05:57Z">
          <params>
            <param index="0">
              <value>
                <![CDATA[[TestResult name=testCommunityRegistration status=FAILURE method=CommunityRegistrationTest.testCommunityRegistration()[pri:0, instance:com.usgbc.dev.regression.CommunityRegistrationTest@54a097cc] output={null}]]]>
              </value>
            </param>
          </params>
          <exception class="org.openqa.selenium.remote.UnreachableBrowserException">
            <message>
              <![CDATA[Error communicating with the remote browser. It may have died.
Build info: version: '2.53.1', revision: 'a36b8b1cd5757287168e54b817830adce9b0158d', time: '2016-06-30 19:26:09'
System info: host: 'G10GGNLT049', ip: '192.168.56.1', os.name: 'Windows 10', os.arch: 'amd64', os.version: '10.0', java.version: '1.8.0_131'
Driver info: driver.version: FirefoxDriver
Capabilities [{applicationCacheEnabled=true, rotatable=false, handlesAlerts=true, databaseEnabled=true, version=47.0.1, platform=WINDOWS, nativeEvents=false, acceptSslCerts=true, webStorageEnabled=true, locationContextEnabled=true, browserName=firefox, takesScreenshot=true, javascriptEnabled=true, cssSelectorsEnabled=true}]
Session ID: a2c65b64-974f-472c-a18f-0b1c8eeda9d3]]>
            </message>
            <full-stacktrace>
              <![CDATA[org.openqa.selenium.remote.UnreachableBrowserException: Error communicating with the remote browser. It may have died.
Build info: version: '2.53.1', revision: 'a36b8b1cd5757287168e54b817830adce9b0158d', time: '2016-06-30 19:26:09'
System info: host: 'G10GGNLT049', ip: '192.168.56.1', os.name: 'Windows 10', os.arch: 'amd64', os.version: '10.0', java.version: '1.8.0_131'
Driver info: driver.version: FirefoxDriver
Capabilities [{applicationCacheEnabled=true, rotatable=false, handlesAlerts=true, databaseEnabled=true, version=47.0.1, platform=WINDOWS, nativeEvents=false, acceptSslCerts=true, webStorageEnabled=true, locationContextEnabled=true, browserName=firefox, takesScreenshot=true, javascriptEnabled=true, cssSelectorsEnabled=true}]
Session ID: a2c65b64-974f-472c-a18f-0b1c8eeda9d3
	at org.openqa.selenium.remote.RemoteWebDriver.execute(RemoteWebDriver.java:665)
	at org.openqa.selenium.remote.RemoteWebDriver.execute(RemoteWebDriver.java:701)
	at org.openqa.selenium.firefox.FirefoxDriver.getScreenshotAs(FirefoxDriver.java:341)
	at com.usgbc.utility.Report.afterMethod(Report.java:67)
	at com.usgbc.utility.Base.closeDriver(Base.java:74)
	at sun.reflect.NativeMethodAccessorImpl.invoke0(Native Method)
	at sun.reflect.NativeMethodAccessorImpl.invoke(NativeMethodAccessorImpl.java:62)
	at sun.reflect.DelegatingMethodAccessorImpl.invoke(DelegatingMethodAccessorImpl.java:43)
	at java.lang.reflect.Method.invoke(Method.java:498)
	at org.testng.internal.MethodInvocationHelper.invokeMethod(MethodInvocationHelper.java:85)
	at org.testng.internal.Invoker.invokeConfigurationMethod(Invoker.java:510)
	at org.testng.internal.Invoker.invokeConfigurations(Invoker.java:211)
	at org.testng.internal.Invoker.invokeMethod(Invoker.java:703)
	at org.testng.internal.Invoker.invokeTestMethod(Invoker.java:816)
	at org.testng.internal.Invoker.invokeTestMethods(Invoker.java:1124)
	at org.testng.internal.TestMethodWorker.invokeTestMethods(TestMethodWorker.java:125)
	at org.testng.internal.TestMethodWorker.run(TestMethodWorker.java:108)
	at org.testng.TestRunner.privateRun(TestRunner.java:774)
	at org.testng.TestRunner.run(TestRunner.java:624)
	at org.testng.SuiteRunner.runTest(SuiteRunner.java:359)
	at org.testng.SuiteRunner.runSequentially(SuiteRunner.java:354)
	at org.testng.SuiteRunner.privateRun(SuiteRunner.java:312)
	at org.testng.SuiteRunner.run(SuiteRunner.java:261)
	at org.testng.SuiteRunnerWorker.runSuite(SuiteRunnerWorker.java:52)
	at org.testng.SuiteRunnerWorker.run(SuiteRunnerWorker.java:86)
	at org.testng.TestNG.runSuitesSequentially(TestNG.java:1191)
	at org.testng.TestNG.runSuitesLocally(TestNG.java:1116)
	at org.testng.TestNG.run(TestNG.java:1024)
	at org.apache.maven.surefire.testng.TestNGExecutor.run(TestNGExecutor.java:178)
	at org.apache.maven.surefire.testng.TestNGXmlTestSuite.execute(TestNGXmlTestSuite.java:92)
	at org.apache.maven.surefire.testng.TestNGProvider.invoke(TestNGProvider.java:96)
	at sun.reflect.NativeMethodAccessorImpl.invoke0(Native Method)
	at sun.reflect.NativeMethodAccessorImpl.invoke(NativeMethodAccessorImpl.java:62)
	at sun.reflect.DelegatingMethodAccessorImpl.invoke(DelegatingMethodAccessorImpl.java:43)
	at java.lang.reflect.Method.invoke(Method.java:498)
	at org.apache.maven.surefire.util.ReflectionUtils.invokeMethodWithArray(ReflectionUtils.java:189)
	at org.apache.maven.surefire.booter.ProviderFactory$ProviderProxy.invoke(ProviderFactory.java:165)
	at org.apache.maven.surefire.booter.ProviderFactory.invokeProvider(ProviderFactory.java:85)
	at org.apache.maven.surefire.booter.ForkedBooter.runSuitesInProcess(ForkedBooter.java:113)
	at org.apache.maven.surefire.booter.ForkedBooter.main(ForkedBooter.java:75)
Caused by: org.apache.http.conn.HttpHostConnectException: Connect to 127.0.0.1:7056 [/127.0.0.1] failed: Connection refused: connect
	at org.apache.http.impl.conn.DefaultHttpClientConnectionOperator.connect(DefaultHttpClientConnectionOperator.java:151)
	at org.apache.http.impl.conn.PoolingHttpClientConnectionManager.connect(PoolingHttpClientConnectionManager.java:353)
	at org.apache.http.impl.execchain.MainClientExec.establishRoute(MainClientExec.java:380)
	at org.apache.http.impl.execchain.MainClientExec.execute(MainClientExec.java:236)
	at org.apache.http.impl.execchain.ProtocolExec.execute(ProtocolExec.java:184)
	at org.apache.http.impl.execchain.RetryExec.execute(RetryExec.java:88)
	at org.apache.http.impl.execchain.RedirectExec.execute(RedirectExec.java:110)
	at org.apache.http.impl.client.InternalHttpClient.doExecute(InternalHttpClient.java:184)
	at org.apache.http.impl.client.CloseableHttpClient.execute(CloseableHttpClient.java:71)
	at org.apache.http.impl.client.CloseableHttpClient.execute(CloseableHttpClient.java:55)
	at org.openqa.selenium.remote.internal.ApacheHttpClient.fallBackExecute(ApacheHttpClient.java:144)
	at org.openqa.selenium.remote.internal.ApacheHttpClient.execute(ApacheHttpClient.java:90)
	at org.openqa.selenium.remote.HttpCommandExecutor.execute(HttpCommandExecutor.java:142)
	at org.openqa.selenium.firefox.internal.NewProfileExtensionConnection.execute(NewProfileExtensionConnection.java:160)
	at org.openqa.selenium.firefox.FirefoxDriver$LazyCommandExecutor.execute(FirefoxDriver.java:380)
	at org.openqa.selenium.remote.RemoteWebDriver.execute(RemoteWebDriver.java:644)
	... 39 more
Caused by: java.net.ConnectException: Connection refused: connect
	at java.net.DualStackPlainSocketImpl.waitForConnect(Native Method)
	at java.net.DualStackPlainSocketImpl.socketConnect(DualStackPlainSocketImpl.java:85)
	at java.net.AbstractPlainSocketImpl.doConnect(AbstractPlainSocketImpl.java:350)
	at java.net.AbstractPlainSocketImpl.connectToAddress(AbstractPlainSocketImpl.java:206)
	at java.net.AbstractPlainSocketImpl.connect(AbstractPlainSocketImpl.java:188)
	at java.net.PlainSocketImpl.connect(PlainSocketImpl.java:172)
	at java.net.SocksSocketImpl.connect(SocksSocketImpl.java:392)
	at java.net.Socket.connect(Socket.java:589)
	at org.apache.http.conn.socket.PlainConnectionSocketFactory.connectSocket(PlainConnectionSocketFactory.java:74)
	at org.apache.http.impl.conn.DefaultHttpClientConnectionOperator.connect(DefaultHttpClientConnectionOperator.java:134)
	... 54 more
]]>
            </full-stacktrace>
          </exception> <!-- org.openqa.selenium.remote.UnreachableBrowserException -->
          <reporter-output>
          </reporter-output>
        </test-method> <!-- closeDriver -->
      </class> <!-- com.usgbc.dev.regression.CommunityRegistrationTest -->
      <class name="com.usgbc.dev.regression.ErrorMessageCommRegTest">
        <test-method status="SKIP" signature="closeDriver(org.testng.ITestResult)[pri:0, instance:com.usgbc.dev.regression.ErrorMessageCommRegTest@531be3c5]" name="closeDriver" is-config="true" duration-ms="0" started-at="2017-11-02T12:05:58Z" finished-at="2017-11-02T12:05:58Z">
          <reporter-output>
          </reporter-output>
        </test-method> <!-- closeDriver -->
        <test-method status="SKIP" signature="testErrorMessagesCommReg()[pri:0, instance:com.usgbc.dev.regression.ErrorMessageCommRegTest@531be3c5]" name="testErrorMessagesCommReg" duration-ms="0" started-at="2017-11-02T12:05:58Z" finished-at="2017-11-02T12:05:58Z">
          <reporter-output>
          </reporter-output>
        </test-method> <!-- testErrorMessagesCommReg -->
        <test-method status="SKIP" signature="getDriver()[pri:0, instance:com.usgbc.dev.regression.ErrorMessageCommRegTest@531be3c5]" name="getDriver" is-config="true" duration-ms="0" started-at="2017-11-02T12:05:58Z" finished-at="2017-11-02T12:05:58Z">
          <reporter-output>
          </reporter-output>
        </test-method> <!-- getDriver -->
        <test-method status="SKIP" signature="testErrorMessagesCommRegCondition2()[pri:0, instance:com.usgbc.dev.regression.ErrorMessageCommRegTest@531be3c5]" name="testErrorMessagesCommRegCondition2" duration-ms="0" started-at="2017-11-02T12:05:58Z" finished-at="2017-11-02T12:05:58Z">
          <reporter-output>
          </reporter-output>
        </test-method> <!-- testErrorMessagesCommRegCondition2 -->
        <test-method status="SKIP" signature="closeDriver(org.testng.ITestResult)[pri:0, instance:com.usgbc.dev.regression.ErrorMessageCommRegTest@531be3c5]" name="closeDriver" is-config="true" duration-ms="0" started-at="2017-11-02T12:05:58Z" finished-at="2017-11-02T12:05:58Z">
          <reporter-output>
          </reporter-output>
        </test-method> <!-- closeDriver -->
        <test-method status="SKIP" signature="testErrorMessagesCommRegCondition3()[pri:0, instance:com.usgbc.dev.regression.ErrorMessageCommRegTest@531be3c5]" name="testErrorMessagesCommRegCondition3" duration-ms="0" started-at="2017-11-02T12:05:58Z" finished-at="2017-11-02T12:05:58Z">
          <reporter-output>
          </reporter-output>
        </test-method> <!-- testErrorMessagesCommRegCondition3 -->
        <test-method status="SKIP" signature="closeDriver(org.testng.ITestResult)[pri:0, instance:com.usgbc.dev.regression.ErrorMessageCommRegTest@531be3c5]" name="closeDriver" is-config="true" duration-ms="0" started-at="2017-11-02T12:05:58Z" finished-at="2017-11-02T12:05:58Z">
          <reporter-output>
          </reporter-output>
        </test-method> <!-- closeDriver -->
        <test-method status="SKIP" signature="getDriver()[pri:0, instance:com.usgbc.dev.regression.ErrorMessageCommRegTest@531be3c5]" name="getDriver" is-config="true" duration-ms="0" started-at="2017-11-02T12:05:58Z" finished-at="2017-11-02T12:05:58Z">
          <reporter-output>
          </reporter-output>
        </test-method> <!-- getDriver -->
        <test-method status="SKIP" signature="getDriver()[pri:0, instance:com.usgbc.dev.regression.ErrorMessageCommRegTest@531be3c5]" name="getDriver" is-config="true" duration-ms="0" started-at="2017-11-02T12:05:58Z" finished-at="2017-11-02T12:05:58Z">
          <reporter-output>
          </reporter-output>
        </test-method> <!-- getDriver -->
      </class> <!-- com.usgbc.dev.regression.ErrorMessageCommRegTest -->
      <class name="com.usgbc.dev.regression.UsgbcCoreTest">
        <test-method status="SKIP" signature="getDriver()[pri:0, instance:com.usgbc.dev.regression.UsgbcCoreTest@5a61f5df]" name="getDriver" is-config="true" duration-ms="0" started-at="2017-11-02T12:05:58Z" finished-at="2017-11-02T12:05:58Z">
          <reporter-output>
          </reporter-output>
        </test-method> <!-- getDriver -->
        <test-method status="SKIP" signature="testUsgbcCore()[pri:0, instance:com.usgbc.dev.regression.UsgbcCoreTest@5a61f5df]" name="testUsgbcCore" duration-ms="0" started-at="2017-11-02T12:05:58Z" finished-at="2017-11-02T12:05:58Z">
          <reporter-output>
          </reporter-output>
        </test-method> <!-- testUsgbcCore -->
        <test-method status="SKIP" signature="closeDriver(org.testng.ITestResult)[pri:0, instance:com.usgbc.dev.regression.UsgbcCoreTest@5a61f5df]" name="closeDriver" is-config="true" duration-ms="0" started-at="2017-11-02T12:05:58Z" finished-at="2017-11-02T12:05:58Z">
          <reporter-output>
          </reporter-output>
        </test-method> <!-- closeDriver -->
      </class> <!-- com.usgbc.dev.regression.UsgbcCoreTest -->
    </test> <!-- Test -->
  </suite> <!-- Suite -->
</testng-results>
