<?xml version="1.0" encoding="UTF-8"?>
<testng-results skipped="26" failed="0" total="26" passed="0">
  <reporter-output>
  </reporter-output>
  <suite name="Suite" duration-ms="1333" started-at="2017-11-08T07:05:02Z" finished-at="2017-11-08T07:05:04Z">
    <groups>
    </groups>
    <test name="FirefoxTest" duration-ms="1333" started-at="2017-11-08T07:05:02Z" finished-at="2017-11-08T07:05:04Z">
      <class name="org.usgbc.regression.LoggedUserTest">
        <test-method status="SKIP" signature="closeDriver(org.testng.ITestResult)[pri:0, instance:org.usgbc.regression.LoggedUserTest@5034c75a]" name="closeDriver" is-config="true" duration-ms="0" started-at="2017-11-08T12:35:04Z" finished-at="2017-11-08T12:35:04Z">
          <reporter-output>
          </reporter-output>
        </test-method> <!-- closeDriver -->
        <test-method status="SKIP" signature="getDriver(java.lang.String, java.lang.String)[pri:0, instance:org.usgbc.regression.LoggedUserTest@5034c75a]" name="getDriver" is-config="true" duration-ms="0" started-at="2017-11-08T12:35:04Z" finished-at="2017-11-08T12:35:04Z">
          <reporter-output>
          </reporter-output>
        </test-method> <!-- getDriver -->
        <test-method status="SKIP" signature="testLoggedUser()[pri:0, instance:org.usgbc.regression.LoggedUserTest@5034c75a]" name="testLoggedUser" duration-ms="0" started-at="2017-11-08T12:35:04Z" finished-at="2017-11-08T12:35:04Z">
          <reporter-output>
          </reporter-output>
        </test-method> <!-- testLoggedUser -->
        <test-method status="SKIP" signature="getDriver(java.lang.String, java.lang.String)[pri:0, instance:org.usgbc.regression.LoggedUserTest@5034c75a]" name="getDriver" is-config="true" duration-ms="0" started-at="2017-11-08T12:35:04Z" finished-at="2017-11-08T12:35:04Z">
          <reporter-output>
          </reporter-output>
        </test-method> <!-- getDriver -->
        <test-method status="SKIP" signature="testLoggedUser2()[pri:0, instance:org.usgbc.regression.LoggedUserTest@5034c75a]" name="testLoggedUser2" duration-ms="0" started-at="2017-11-08T12:35:04Z" finished-at="2017-11-08T12:35:04Z">
          <reporter-output>
          </reporter-output>
        </test-method> <!-- testLoggedUser2 -->
        <test-method status="SKIP" signature="closeDriver(org.testng.ITestResult)[pri:0, instance:org.usgbc.regression.LoggedUserTest@5034c75a]" name="closeDriver" is-config="true" duration-ms="0" started-at="2017-11-08T12:35:04Z" finished-at="2017-11-08T12:35:04Z">
          <reporter-output>
          </reporter-output>
        </test-method> <!-- closeDriver -->
      </class> <!-- org.usgbc.regression.LoggedUserTest -->
      <class name="org.usgbc.regression.CommunityRegistrationTest">
        <test-method status="FAIL" signature="getDriver(java.lang.String, java.lang.String)[pri:0, instance:org.usgbc.regression.CommunityRegistrationTest@36d4b5c]" name="getDriver" is-config="true" duration-ms="0" started-at="2017-11-08T12:35:02Z" finished-at="2017-11-08T12:35:02Z">
          <params>
            <param index="0">
              <value>
                <![CDATA[Firefox]]>
              </value>
            </param>
            <param index="1">
              <value>
                <![CDATA[test]]>
              </value>
            </param>
          </params>
          <exception class="java.lang.NullPointerException">
            <full-stacktrace>
              <![CDATA[java.lang.NullPointerException
	at org.usgbc.utility.Base.getDriver(Base.java:50)
	at sun.reflect.NativeMethodAccessorImpl.invoke0(Native Method)
	at sun.reflect.NativeMethodAccessorImpl.invoke(NativeMethodAccessorImpl.java:62)
	at sun.reflect.DelegatingMethodAccessorImpl.invoke(DelegatingMethodAccessorImpl.java:43)
	at java.lang.reflect.Method.invoke(Method.java:498)
	at org.testng.internal.MethodInvocationHelper.invokeMethod(MethodInvocationHelper.java:85)
	at org.testng.internal.Invoker.invokeConfigurationMethod(Invoker.java:510)
	at org.testng.internal.Invoker.invokeConfigurations(Invoker.java:211)
	at org.testng.internal.Invoker.invokeMethod(Invoker.java:585)
	at org.testng.internal.Invoker.invokeTestMethod(Invoker.java:816)
	at org.testng.internal.Invoker.invokeTestMethods(Invoker.java:1124)
	at org.testng.internal.TestMethodWorker.invokeTestMethods(TestMethodWorker.java:125)
	at org.testng.internal.TestMethodWorker.run(TestMethodWorker.java:108)
	at org.testng.TestRunner.privateRun(TestRunner.java:774)
	at org.testng.TestRunner.run(TestRunner.java:624)
	at org.testng.SuiteRunner.runTest(SuiteRunner.java:359)
	at org.testng.SuiteRunner.runSequentially(SuiteRunner.java:354)
	at org.testng.SuiteRunner.privateRun(SuiteRunner.java:312)
	at org.testng.SuiteRunner.run(SuiteRunner.java:261)
	at org.testng.SuiteRunnerWorker.runSuite(SuiteRunnerWorker.java:52)
	at org.testng.SuiteRunnerWorker.run(SuiteRunnerWorker.java:86)
	at org.testng.TestNG.runSuitesSequentially(TestNG.java:1191)
	at org.testng.TestNG.runSuitesLocally(TestNG.java:1116)
	at org.testng.TestNG.run(TestNG.java:1024)
	at org.apache.maven.surefire.testng.TestNGExecutor.run(TestNGExecutor.java:178)
	at org.apache.maven.surefire.testng.TestNGXmlTestSuite.execute(TestNGXmlTestSuite.java:92)
	at org.apache.maven.surefire.testng.TestNGProvider.invoke(TestNGProvider.java:96)
	at sun.reflect.NativeMethodAccessorImpl.invoke0(Native Method)
	at sun.reflect.NativeMethodAccessorImpl.invoke(NativeMethodAccessorImpl.java:62)
	at sun.reflect.DelegatingMethodAccessorImpl.invoke(DelegatingMethodAccessorImpl.java:43)
	at java.lang.reflect.Method.invoke(Method.java:498)
	at org.apache.maven.surefire.util.ReflectionUtils.invokeMethodWithArray(ReflectionUtils.java:189)
	at org.apache.maven.surefire.booter.ProviderFactory$ProviderProxy.invoke(ProviderFactory.java:165)
	at org.apache.maven.surefire.booter.ProviderFactory.invokeProvider(ProviderFactory.java:85)
	at org.apache.maven.surefire.booter.ForkedBooter.runSuitesInProcess(ForkedBooter.java:113)
	at org.apache.maven.surefire.booter.ForkedBooter.main(ForkedBooter.java:75)
]]>
            </full-stacktrace>
          </exception> <!-- java.lang.NullPointerException -->
          <reporter-output>
          </reporter-output>
        </test-method> <!-- getDriver -->
        <test-method status="SKIP" signature="testCommunityRegistrationForExistingUser()[pri:0, instance:org.usgbc.regression.CommunityRegistrationTest@36d4b5c]" name="testCommunityRegistrationForExistingUser" duration-ms="5" started-at="2017-11-08T12:35:04Z" finished-at="2017-11-08T12:35:04Z">
          <reporter-output>
          </reporter-output>
        </test-method> <!-- testCommunityRegistrationForExistingUser -->
        <test-method status="SKIP" signature="closeDriver(org.testng.ITestResult)[pri:0, instance:org.usgbc.regression.CommunityRegistrationTest@36d4b5c]" name="closeDriver" is-config="true" duration-ms="0" started-at="2017-11-08T12:35:04Z" finished-at="2017-11-08T12:35:04Z">
          <reporter-output>
          </reporter-output>
        </test-method> <!-- closeDriver -->
        <test-method status="SKIP" signature="getDriver(java.lang.String, java.lang.String)[pri:0, instance:org.usgbc.regression.CommunityRegistrationTest@36d4b5c]" name="getDriver" is-config="true" duration-ms="0" started-at="2017-11-08T12:35:04Z" finished-at="2017-11-08T12:35:04Z">
          <reporter-output>
          </reporter-output>
        </test-method> <!-- getDriver -->
        <test-method status="SKIP" signature="testCommunityRegistrationForNonExistingUser()[pri:0, instance:org.usgbc.regression.CommunityRegistrationTest@36d4b5c]" name="testCommunityRegistrationForNonExistingUser" duration-ms="1" started-at="2017-11-08T12:35:04Z" finished-at="2017-11-08T12:35:04Z">
          <reporter-output>
          </reporter-output>
        </test-method> <!-- testCommunityRegistrationForNonExistingUser -->
        <test-method status="SKIP" signature="getDriver(java.lang.String, java.lang.String)[pri:0, instance:org.usgbc.regression.CommunityRegistrationTest@36d4b5c]" name="getDriver" is-config="true" duration-ms="0" started-at="2017-11-08T12:35:04Z" finished-at="2017-11-08T12:35:04Z">
          <reporter-output>
          </reporter-output>
        </test-method> <!-- getDriver -->
        <test-method status="SKIP" signature="testCommunityRegistrationForExistingUser()[pri:0, instance:org.usgbc.regression.CommunityRegistrationTest@36d4b5c]" name="testCommunityRegistrationForExistingUser" duration-ms="0" started-at="2017-11-08T12:35:04Z" finished-at="2017-11-08T12:35:04Z">
          <reporter-output>
          </reporter-output>
        </test-method> <!-- testCommunityRegistrationForExistingUser -->
        <test-method status="SKIP" signature="closeDriver(org.testng.ITestResult)[pri:0, instance:org.usgbc.regression.CommunityRegistrationTest@36d4b5c]" name="closeDriver" is-config="true" duration-ms="0" started-at="2017-11-08T12:35:04Z" finished-at="2017-11-08T12:35:04Z">
          <reporter-output>
          </reporter-output>
        </test-method> <!-- closeDriver -->
        <test-method status="SKIP" signature="closeDriver(org.testng.ITestResult)[pri:0, instance:org.usgbc.regression.CommunityRegistrationTest@36d4b5c]" name="closeDriver" is-config="true" duration-ms="0" started-at="2017-11-08T12:35:04Z" finished-at="2017-11-08T12:35:04Z">
          <reporter-output>
          </reporter-output>
        </test-method> <!-- closeDriver -->
        <test-method status="SKIP" signature="closeDriver(org.testng.ITestResult)[pri:0, instance:org.usgbc.regression.CommunityRegistrationTest@36d4b5c]" name="closeDriver" is-config="true" duration-ms="0" started-at="2017-11-08T12:35:04Z" finished-at="2017-11-08T12:35:04Z">
          <reporter-output>
          </reporter-output>
        </test-method> <!-- closeDriver -->
        <test-method status="SKIP" signature="testCommunityRegistrationForNonExistingUserToGetRegistered()[pri:0, instance:org.usgbc.regression.CommunityRegistrationTest@36d4b5c]" name="testCommunityRegistrationForNonExistingUserToGetRegistered" duration-ms="0" started-at="2017-11-08T12:35:04Z" finished-at="2017-11-08T12:35:04Z">
          <reporter-output>
          </reporter-output>
        </test-method> <!-- testCommunityRegistrationForNonExistingUserToGetRegistered -->
        <test-method status="SKIP" signature="getDriver(java.lang.String, java.lang.String)[pri:0, instance:org.usgbc.regression.CommunityRegistrationTest@36d4b5c]" name="getDriver" is-config="true" duration-ms="0" started-at="2017-11-08T12:35:04Z" finished-at="2017-11-08T12:35:04Z">
          <reporter-output>
          </reporter-output>
        </test-method> <!-- getDriver -->
        <test-method status="SKIP" signature="getDriver(java.lang.String, java.lang.String)[pri:0, instance:org.usgbc.regression.CommunityRegistrationTest@36d4b5c]" name="getDriver" is-config="true" duration-ms="0" started-at="2017-11-08T12:35:04Z" finished-at="2017-11-08T12:35:04Z">
          <reporter-output>
          </reporter-output>
        </test-method> <!-- getDriver -->
        <test-method status="SKIP" signature="testCommunityRegistrationForNonExistingUserToGetRegistered()[pri:0, instance:org.usgbc.regression.CommunityRegistrationTest@36d4b5c]" name="testCommunityRegistrationForNonExistingUserToGetRegistered" duration-ms="0" started-at="2017-11-08T12:35:04Z" finished-at="2017-11-08T12:35:04Z">
          <reporter-output>
          </reporter-output>
        </test-method> <!-- testCommunityRegistrationForNonExistingUserToGetRegistered -->
        <test-method status="SKIP" signature="closeDriver(org.testng.ITestResult)[pri:0, instance:org.usgbc.regression.CommunityRegistrationTest@36d4b5c]" name="closeDriver" is-config="true" duration-ms="0" started-at="2017-11-08T12:35:04Z" finished-at="2017-11-08T12:35:04Z">
          <reporter-output>
          </reporter-output>
        </test-method> <!-- closeDriver -->
        <test-method status="SKIP" signature="getDriver(java.lang.String, java.lang.String)[pri:0, instance:org.usgbc.regression.CommunityRegistrationTest@36d4b5c]" name="getDriver" is-config="true" duration-ms="0" started-at="2017-11-08T12:35:04Z" finished-at="2017-11-08T12:35:04Z">
          <reporter-output>
          </reporter-output>
        </test-method> <!-- getDriver -->
        <test-method status="SKIP" signature="testCommunityRegistrationForNonExistingUserToGetRegistered()[pri:0, instance:org.usgbc.regression.CommunityRegistrationTest@36d4b5c]" name="testCommunityRegistrationForNonExistingUserToGetRegistered" duration-ms="0" started-at="2017-11-08T12:35:04Z" finished-at="2017-11-08T12:35:04Z">
          <reporter-output>
          </reporter-output>
        </test-method> <!-- testCommunityRegistrationForNonExistingUserToGetRegistered -->
        <test-method status="SKIP" signature="closeDriver(org.testng.ITestResult)[pri:0, instance:org.usgbc.regression.CommunityRegistrationTest@36d4b5c]" name="closeDriver" is-config="true" duration-ms="0" started-at="2017-11-08T12:35:04Z" finished-at="2017-11-08T12:35:04Z">
          <reporter-output>
          </reporter-output>
        </test-method> <!-- closeDriver -->
      </class> <!-- org.usgbc.regression.CommunityRegistrationTest -->
      <class name="org.usgbc.regression.UsgbcCoreTest">
        <test-method status="SKIP" signature="getDriver(java.lang.String, java.lang.String)[pri:0, instance:org.usgbc.regression.UsgbcCoreTest@51efea79]" name="getDriver" is-config="true" duration-ms="0" started-at="2017-11-08T12:35:04Z" finished-at="2017-11-08T12:35:04Z">
          <reporter-output>
          </reporter-output>
        </test-method> <!-- getDriver -->
        <test-method status="SKIP" signature="closeDriver(org.testng.ITestResult)[pri:0, instance:org.usgbc.regression.UsgbcCoreTest@51efea79]" name="closeDriver" is-config="true" duration-ms="0" started-at="2017-11-08T12:35:04Z" finished-at="2017-11-08T12:35:04Z">
          <reporter-output>
          </reporter-output>
        </test-method> <!-- closeDriver -->
        <test-method status="SKIP" signature="testUsgbcCoreForExistingUser()[pri:0, instance:org.usgbc.regression.UsgbcCoreTest@51efea79]" name="testUsgbcCoreForExistingUser" duration-ms="0" started-at="2017-11-08T12:35:04Z" finished-at="2017-11-08T12:35:04Z">
          <reporter-output>
          </reporter-output>
        </test-method> <!-- testUsgbcCoreForExistingUser -->
        <test-method status="SKIP" signature="testUsgbcCoreForNonExistingUserToGetRegistered()[pri:0, instance:org.usgbc.regression.UsgbcCoreTest@51efea79]" name="testUsgbcCoreForNonExistingUserToGetRegistered" duration-ms="0" started-at="2017-11-08T12:35:04Z" finished-at="2017-11-08T12:35:04Z">
          <reporter-output>
          </reporter-output>
        </test-method> <!-- testUsgbcCoreForNonExistingUserToGetRegistered -->
        <test-method status="SKIP" signature="getDriver(java.lang.String, java.lang.String)[pri:0, instance:org.usgbc.regression.UsgbcCoreTest@51efea79]" name="getDriver" is-config="true" duration-ms="0" started-at="2017-11-08T12:35:04Z" finished-at="2017-11-08T12:35:04Z">
          <reporter-output>
          </reporter-output>
        </test-method> <!-- getDriver -->
        <test-method status="SKIP" signature="closeDriver(org.testng.ITestResult)[pri:0, instance:org.usgbc.regression.UsgbcCoreTest@51efea79]" name="closeDriver" is-config="true" duration-ms="0" started-at="2017-11-08T12:35:04Z" finished-at="2017-11-08T12:35:04Z">
          <reporter-output>
          </reporter-output>
        </test-method> <!-- closeDriver -->
        <test-method status="SKIP" signature="testUsgbcCoreForNonExistingUser()[pri:0, instance:org.usgbc.regression.UsgbcCoreTest@51efea79]" name="testUsgbcCoreForNonExistingUser" duration-ms="0" started-at="2017-11-08T12:35:04Z" finished-at="2017-11-08T12:35:04Z">
          <reporter-output>
          </reporter-output>
        </test-method> <!-- testUsgbcCoreForNonExistingUser -->
        <test-method status="SKIP" signature="getDriver(java.lang.String, java.lang.String)[pri:0, instance:org.usgbc.regression.UsgbcCoreTest@51efea79]" name="getDriver" is-config="true" duration-ms="0" started-at="2017-11-08T12:35:04Z" finished-at="2017-11-08T12:35:04Z">
          <reporter-output>
          </reporter-output>
        </test-method> <!-- getDriver -->
        <test-method status="SKIP" signature="closeDriver(org.testng.ITestResult)[pri:0, instance:org.usgbc.regression.UsgbcCoreTest@51efea79]" name="closeDriver" is-config="true" duration-ms="0" started-at="2017-11-08T12:35:04Z" finished-at="2017-11-08T12:35:04Z">
          <reporter-output>
          </reporter-output>
        </test-method> <!-- closeDriver -->
      </class> <!-- org.usgbc.regression.UsgbcCoreTest -->
      <class name="org.usgbc.regression.CommunityRegistrationCountryFieldTest">
        <test-method status="SKIP" signature="getDriver(java.lang.String, java.lang.String)[pri:0, instance:org.usgbc.regression.CommunityRegistrationCountryFieldTest@6d00a15d]" name="getDriver" is-config="true" duration-ms="0" started-at="2017-11-08T12:35:04Z" finished-at="2017-11-08T12:35:04Z">
          <reporter-output>
          </reporter-output>
        </test-method> <!-- getDriver -->
        <test-method status="SKIP" signature="closeDriver(org.testng.ITestResult)[pri:0, instance:org.usgbc.regression.CommunityRegistrationCountryFieldTest@6d00a15d]" name="closeDriver" is-config="true" duration-ms="0" started-at="2017-11-08T12:35:04Z" finished-at="2017-11-08T12:35:04Z">
          <reporter-output>
          </reporter-output>
        </test-method> <!-- closeDriver -->
        <test-method status="SKIP" signature="testCommunityRegistrationCountryField()[pri:0, instance:org.usgbc.regression.CommunityRegistrationCountryFieldTest@6d00a15d]" name="testCommunityRegistrationCountryField" duration-ms="0" started-at="2017-11-08T12:35:04Z" finished-at="2017-11-08T12:35:04Z">
          <reporter-output>
          </reporter-output>
        </test-method> <!-- testCommunityRegistrationCountryField -->
      </class> <!-- org.usgbc.regression.CommunityRegistrationCountryFieldTest -->
      <class name="org.usgbc.regression.UsgbcStoreTest">
        <test-method status="SKIP" signature="getDriver(java.lang.String, java.lang.String)[pri:0, instance:org.usgbc.regression.UsgbcStoreTest@51081592]" name="getDriver" is-config="true" duration-ms="0" started-at="2017-11-08T12:35:04Z" finished-at="2017-11-08T12:35:04Z">
          <reporter-output>
          </reporter-output>
        </test-method> <!-- getDriver -->
        <test-method status="SKIP" signature="testUsgbcStore()[pri:0, instance:org.usgbc.regression.UsgbcStoreTest@51081592]" name="testUsgbcStore" duration-ms="0" started-at="2017-11-08T12:35:04Z" finished-at="2017-11-08T12:35:04Z">
          <reporter-output>
          </reporter-output>
        </test-method> <!-- testUsgbcStore -->
        <test-method status="SKIP" signature="closeDriver(org.testng.ITestResult)[pri:0, instance:org.usgbc.regression.UsgbcStoreTest@51081592]" name="closeDriver" is-config="true" duration-ms="0" started-at="2017-11-08T12:35:04Z" finished-at="2017-11-08T12:35:04Z">
          <reporter-output>
          </reporter-output>
        </test-method> <!-- closeDriver -->
        <test-method status="SKIP" signature="testUsgbcStoreGreen()[pri:0, instance:org.usgbc.regression.UsgbcStoreTest@51081592]" name="testUsgbcStoreGreen" duration-ms="0" started-at="2017-11-08T12:35:04Z" finished-at="2017-11-08T12:35:04Z">
          <reporter-output>
          </reporter-output>
        </test-method> <!-- testUsgbcStoreGreen -->
        <test-method status="SKIP" signature="getDriver(java.lang.String, java.lang.String)[pri:0, instance:org.usgbc.regression.UsgbcStoreTest@51081592]" name="getDriver" is-config="true" duration-ms="0" started-at="2017-11-08T12:35:04Z" finished-at="2017-11-08T12:35:04Z">
          <reporter-output>
          </reporter-output>
        </test-method> <!-- getDriver -->
        <test-method status="SKIP" signature="closeDriver(org.testng.ITestResult)[pri:0, instance:org.usgbc.regression.UsgbcStoreTest@51081592]" name="closeDriver" is-config="true" duration-ms="0" started-at="2017-11-08T12:35:04Z" finished-at="2017-11-08T12:35:04Z">
          <reporter-output>
          </reporter-output>
        </test-method> <!-- closeDriver -->
        <test-method status="SKIP" signature="testUsgbcStoreLEED()[pri:0, instance:org.usgbc.regression.UsgbcStoreTest@51081592]" name="testUsgbcStoreLEED" duration-ms="0" started-at="2017-11-08T12:35:04Z" finished-at="2017-11-08T12:35:04Z">
          <reporter-output>
          </reporter-output>
        </test-method> <!-- testUsgbcStoreLEED -->
        <test-method status="SKIP" signature="getDriver(java.lang.String, java.lang.String)[pri:0, instance:org.usgbc.regression.UsgbcStoreTest@51081592]" name="getDriver" is-config="true" duration-ms="0" started-at="2017-11-08T12:35:04Z" finished-at="2017-11-08T12:35:04Z">
          <reporter-output>
          </reporter-output>
        </test-method> <!-- getDriver -->
        <test-method status="SKIP" signature="closeDriver(org.testng.ITestResult)[pri:0, instance:org.usgbc.regression.UsgbcStoreTest@51081592]" name="closeDriver" is-config="true" duration-ms="0" started-at="2017-11-08T12:35:04Z" finished-at="2017-11-08T12:35:04Z">
          <reporter-output>
          </reporter-output>
        </test-method> <!-- closeDriver -->
        <test-method status="SKIP" signature="testUsgbcStoreGreen2()[pri:0, instance:org.usgbc.regression.UsgbcStoreTest@51081592]" name="testUsgbcStoreGreen2" duration-ms="0" started-at="2017-11-08T12:35:04Z" finished-at="2017-11-08T12:35:04Z">
          <reporter-output>
          </reporter-output>
        </test-method> <!-- testUsgbcStoreGreen2 -->
        <test-method status="SKIP" signature="getDriver(java.lang.String, java.lang.String)[pri:0, instance:org.usgbc.regression.UsgbcStoreTest@51081592]" name="getDriver" is-config="true" duration-ms="0" started-at="2017-11-08T12:35:04Z" finished-at="2017-11-08T12:35:04Z">
          <reporter-output>
          </reporter-output>
        </test-method> <!-- getDriver -->
        <test-method status="SKIP" signature="closeDriver(org.testng.ITestResult)[pri:0, instance:org.usgbc.regression.UsgbcStoreTest@51081592]" name="closeDriver" is-config="true" duration-ms="0" started-at="2017-11-08T12:35:04Z" finished-at="2017-11-08T12:35:04Z">
          <reporter-output>
          </reporter-output>
        </test-method> <!-- closeDriver -->
        <test-method status="SKIP" signature="getDriver(java.lang.String, java.lang.String)[pri:0, instance:org.usgbc.regression.UsgbcStoreTest@51081592]" name="getDriver" is-config="true" duration-ms="0" started-at="2017-11-08T12:35:04Z" finished-at="2017-11-08T12:35:04Z">
          <reporter-output>
          </reporter-output>
        </test-method> <!-- getDriver -->
        <test-method status="SKIP" signature="testUsgbcStoreLEED2()[pri:0, instance:org.usgbc.regression.UsgbcStoreTest@51081592]" name="testUsgbcStoreLEED2" duration-ms="0" started-at="2017-11-08T12:35:04Z" finished-at="2017-11-08T12:35:04Z">
          <reporter-output>
          </reporter-output>
        </test-method> <!-- testUsgbcStoreLEED2 -->
        <test-method status="SKIP" signature="closeDriver(org.testng.ITestResult)[pri:0, instance:org.usgbc.regression.UsgbcStoreTest@51081592]" name="closeDriver" is-config="true" duration-ms="0" started-at="2017-11-08T12:35:04Z" finished-at="2017-11-08T12:35:04Z">
          <reporter-output>
          </reporter-output>
        </test-method> <!-- closeDriver -->
      </class> <!-- org.usgbc.regression.UsgbcStoreTest -->
      <class name="org.usgbc.regression.StoreTest">
        <test-method status="SKIP" signature="getDriver(java.lang.String, java.lang.String)[pri:0, instance:org.usgbc.regression.StoreTest@7f9a81e8]" name="getDriver" is-config="true" duration-ms="0" started-at="2017-11-08T12:35:04Z" finished-at="2017-11-08T12:35:04Z">
          <reporter-output>
          </reporter-output>
        </test-method> <!-- getDriver -->
        <test-method status="SKIP" signature="getDriver(java.lang.String, java.lang.String)[pri:0, instance:org.usgbc.regression.StoreTest@7f9a81e8]" name="getDriver" is-config="true" duration-ms="0" started-at="2017-11-08T12:35:04Z" finished-at="2017-11-08T12:35:04Z">
          <reporter-output>
          </reporter-output>
        </test-method> <!-- getDriver -->
        <test-method status="SKIP" signature="closeDriver(org.testng.ITestResult)[pri:0, instance:org.usgbc.regression.StoreTest@7f9a81e8]" name="closeDriver" is-config="true" duration-ms="0" started-at="2017-11-08T12:35:04Z" finished-at="2017-11-08T12:35:04Z">
          <reporter-output>
          </reporter-output>
        </test-method> <!-- closeDriver -->
        <test-method status="SKIP" signature="closeDriver(org.testng.ITestResult)[pri:0, instance:org.usgbc.regression.StoreTest@7f9a81e8]" name="closeDriver" is-config="true" duration-ms="0" started-at="2017-11-08T12:35:04Z" finished-at="2017-11-08T12:35:04Z">
          <reporter-output>
          </reporter-output>
        </test-method> <!-- closeDriver -->
        <test-method status="SKIP" signature="testShoppingCartLink()[pri:0, instance:org.usgbc.regression.StoreTest@7f9a81e8]" name="testShoppingCartLink" duration-ms="0" started-at="2017-11-08T12:35:04Z" finished-at="2017-11-08T12:35:04Z">
          <reporter-output>
          </reporter-output>
        </test-method> <!-- testShoppingCartLink -->
        <test-method status="SKIP" signature="testShoppingCartLink2()[pri:0, instance:org.usgbc.regression.StoreTest@7f9a81e8]" name="testShoppingCartLink2" duration-ms="0" started-at="2017-11-08T12:35:04Z" finished-at="2017-11-08T12:35:04Z">
          <reporter-output>
          </reporter-output>
        </test-method> <!-- testShoppingCartLink2 -->
        <test-method status="SKIP" signature="testShoppingCartLink3()[pri:0, instance:org.usgbc.regression.StoreTest@7f9a81e8]" name="testShoppingCartLink3" duration-ms="0" started-at="2017-11-08T12:35:04Z" finished-at="2017-11-08T12:35:04Z">
          <reporter-output>
          </reporter-output>
        </test-method> <!-- testShoppingCartLink3 -->
        <test-method status="SKIP" signature="getDriver(java.lang.String, java.lang.String)[pri:0, instance:org.usgbc.regression.StoreTest@7f9a81e8]" name="getDriver" is-config="true" duration-ms="0" started-at="2017-11-08T12:35:04Z" finished-at="2017-11-08T12:35:04Z">
          <reporter-output>
          </reporter-output>
        </test-method> <!-- getDriver -->
        <test-method status="SKIP" signature="getDriver(java.lang.String, java.lang.String)[pri:0, instance:org.usgbc.regression.StoreTest@7f9a81e8]" name="getDriver" is-config="true" duration-ms="0" started-at="2017-11-08T12:35:04Z" finished-at="2017-11-08T12:35:04Z">
          <reporter-output>
          </reporter-output>
        </test-method> <!-- getDriver -->
        <test-method status="SKIP" signature="closeDriver(org.testng.ITestResult)[pri:0, instance:org.usgbc.regression.StoreTest@7f9a81e8]" name="closeDriver" is-config="true" duration-ms="0" started-at="2017-11-08T12:35:04Z" finished-at="2017-11-08T12:35:04Z">
          <reporter-output>
          </reporter-output>
        </test-method> <!-- closeDriver -->
        <test-method status="SKIP" signature="testStoreGreen()[pri:0, instance:org.usgbc.regression.StoreTest@7f9a81e8]" name="testStoreGreen" duration-ms="1" started-at="2017-11-08T12:35:04Z" finished-at="2017-11-08T12:35:04Z">
          <reporter-output>
          </reporter-output>
        </test-method> <!-- testStoreGreen -->
        <test-method status="SKIP" signature="getDriver(java.lang.String, java.lang.String)[pri:0, instance:org.usgbc.regression.StoreTest@7f9a81e8]" name="getDriver" is-config="true" duration-ms="0" started-at="2017-11-08T12:35:04Z" finished-at="2017-11-08T12:35:04Z">
          <reporter-output>
          </reporter-output>
        </test-method> <!-- getDriver -->
        <test-method status="SKIP" signature="closeDriver(org.testng.ITestResult)[pri:0, instance:org.usgbc.regression.StoreTest@7f9a81e8]" name="closeDriver" is-config="true" duration-ms="0" started-at="2017-11-08T12:35:04Z" finished-at="2017-11-08T12:35:04Z">
          <reporter-output>
          </reporter-output>
        </test-method> <!-- closeDriver -->
        <test-method status="SKIP" signature="testStoreLEED()[pri:0, instance:org.usgbc.regression.StoreTest@7f9a81e8]" name="testStoreLEED" duration-ms="0" started-at="2017-11-08T12:35:04Z" finished-at="2017-11-08T12:35:04Z">
          <reporter-output>
          </reporter-output>
        </test-method> <!-- testStoreLEED -->
        <test-method status="SKIP" signature="closeDriver(org.testng.ITestResult)[pri:0, instance:org.usgbc.regression.StoreTest@7f9a81e8]" name="closeDriver" is-config="true" duration-ms="0" started-at="2017-11-08T12:35:04Z" finished-at="2017-11-08T12:35:04Z">
          <reporter-output>
          </reporter-output>
        </test-method> <!-- closeDriver -->
        <test-method status="SKIP" signature="getDriver(java.lang.String, java.lang.String)[pri:0, instance:org.usgbc.regression.StoreTest@7f9a81e8]" name="getDriver" is-config="true" duration-ms="0" started-at="2017-11-08T12:35:04Z" finished-at="2017-11-08T12:35:04Z">
          <reporter-output>
          </reporter-output>
        </test-method> <!-- getDriver -->
        <test-method status="SKIP" signature="closeDriver(org.testng.ITestResult)[pri:0, instance:org.usgbc.regression.StoreTest@7f9a81e8]" name="closeDriver" is-config="true" duration-ms="0" started-at="2017-11-08T12:35:04Z" finished-at="2017-11-08T12:35:04Z">
          <reporter-output>
          </reporter-output>
        </test-method> <!-- closeDriver -->
        <test-method status="SKIP" signature="testStoreLEEDandGreen()[pri:0, instance:org.usgbc.regression.StoreTest@7f9a81e8]" name="testStoreLEEDandGreen" duration-ms="0" started-at="2017-11-08T12:35:04Z" finished-at="2017-11-08T12:35:04Z">
          <reporter-output>
          </reporter-output>
        </test-method> <!-- testStoreLEEDandGreen -->
      </class> <!-- org.usgbc.regression.StoreTest -->
      <class name="org.usgbc.regression.ErrorMessageCommRegTest">
        <test-method status="SKIP" signature="testErrorMessagesCommReg()[pri:0, instance:org.usgbc.regression.ErrorMessageCommRegTest@396a51ab]" name="testErrorMessagesCommReg" duration-ms="0" started-at="2017-11-08T12:35:04Z" finished-at="2017-11-08T12:35:04Z">
          <reporter-output>
          </reporter-output>
        </test-method> <!-- testErrorMessagesCommReg -->
        <test-method status="SKIP" signature="getDriver(java.lang.String, java.lang.String)[pri:0, instance:org.usgbc.regression.ErrorMessageCommRegTest@396a51ab]" name="getDriver" is-config="true" duration-ms="0" started-at="2017-11-08T12:35:04Z" finished-at="2017-11-08T12:35:04Z">
          <reporter-output>
          </reporter-output>
        </test-method> <!-- getDriver -->
        <test-method status="SKIP" signature="closeDriver(org.testng.ITestResult)[pri:0, instance:org.usgbc.regression.ErrorMessageCommRegTest@396a51ab]" name="closeDriver" is-config="true" duration-ms="0" started-at="2017-11-08T12:35:04Z" finished-at="2017-11-08T12:35:04Z">
          <reporter-output>
          </reporter-output>
        </test-method> <!-- closeDriver -->
        <test-method status="SKIP" signature="testErrorMessagesCommRegCondition2()[pri:0, instance:org.usgbc.regression.ErrorMessageCommRegTest@396a51ab]" name="testErrorMessagesCommRegCondition2" duration-ms="0" started-at="2017-11-08T12:35:04Z" finished-at="2017-11-08T12:35:04Z">
          <reporter-output>
          </reporter-output>
        </test-method> <!-- testErrorMessagesCommRegCondition2 -->
        <test-method status="SKIP" signature="getDriver(java.lang.String, java.lang.String)[pri:0, instance:org.usgbc.regression.ErrorMessageCommRegTest@396a51ab]" name="getDriver" is-config="true" duration-ms="0" started-at="2017-11-08T12:35:04Z" finished-at="2017-11-08T12:35:04Z">
          <reporter-output>
          </reporter-output>
        </test-method> <!-- getDriver -->
        <test-method status="SKIP" signature="closeDriver(org.testng.ITestResult)[pri:0, instance:org.usgbc.regression.ErrorMessageCommRegTest@396a51ab]" name="closeDriver" is-config="true" duration-ms="0" started-at="2017-11-08T12:35:04Z" finished-at="2017-11-08T12:35:04Z">
          <reporter-output>
          </reporter-output>
        </test-method> <!-- closeDriver -->
        <test-method status="SKIP" signature="closeDriver(org.testng.ITestResult)[pri:0, instance:org.usgbc.regression.ErrorMessageCommRegTest@396a51ab]" name="closeDriver" is-config="true" duration-ms="0" started-at="2017-11-08T12:35:04Z" finished-at="2017-11-08T12:35:04Z">
          <reporter-output>
          </reporter-output>
        </test-method> <!-- closeDriver -->
        <test-method status="SKIP" signature="getDriver(java.lang.String, java.lang.String)[pri:0, instance:org.usgbc.regression.ErrorMessageCommRegTest@396a51ab]" name="getDriver" is-config="true" duration-ms="0" started-at="2017-11-08T12:35:04Z" finished-at="2017-11-08T12:35:04Z">
          <reporter-output>
          </reporter-output>
        </test-method> <!-- getDriver -->
        <test-method status="SKIP" signature="testErrorMessagesCommRegCondition3()[pri:0, instance:org.usgbc.regression.ErrorMessageCommRegTest@396a51ab]" name="testErrorMessagesCommRegCondition3" duration-ms="0" started-at="2017-11-08T12:35:04Z" finished-at="2017-11-08T12:35:04Z">
          <reporter-output>
          </reporter-output>
        </test-method> <!-- testErrorMessagesCommRegCondition3 -->
      </class> <!-- org.usgbc.regression.ErrorMessageCommRegTest -->
    </test> <!-- FirefoxTest -->
  </suite> <!-- Suite -->
</testng-results>
