<?xml version="1.0" encoding="UTF-8"?>
<testng-results skipped="0" failed="0" total="1" passed="1">
  <reporter-output>
  </reporter-output>
  <suite name="Default suite" duration-ms="84156" started-at="2017-11-02T02:31:04Z" finished-at="2017-11-02T02:32:28Z">
    <groups>
    </groups>
    <test name="Default test" duration-ms="84156" started-at="2017-11-02T02:31:04Z" finished-at="2017-11-02T02:32:28Z">
      <class name="com.usgbc.dev.regression.MembershipTest">
        <test-method status="PASS" signature="getDriver()[pri:0, instance:com.usgbc.dev.regression.MembershipTest@6a4f787b]" name="getDriver" is-config="true" duration-ms="7375" started-at="2017-11-02T08:01:04Z" finished-at="2017-11-02T08:01:11Z">
          <reporter-output>
          </reporter-output>
        </test-method> <!-- getDriver -->
        <test-method status="PASS" signature="testMembership()[pri:0, instance:com.usgbc.dev.regression.MembershipTest@6a4f787b]" name="testMembership" duration-ms="74935" started-at="2017-11-02T08:01:11Z" finished-at="2017-11-02T08:02:26Z">
          <reporter-output>
          </reporter-output>
        </test-method> <!-- testMembership -->
        <test-method status="PASS" signature="closeDriver(org.testng.ITestResult)[pri:0, instance:com.usgbc.dev.regression.MembershipTest@6a4f787b]" name="closeDriver" is-config="true" duration-ms="1798" started-at="2017-11-02T08:02:26Z" finished-at="2017-11-02T08:02:28Z">
          <params>
            <param index="0">
              <value>
                <![CDATA[[TestResult name=testMembership status=SUCCESS method=MembershipTest.testMembership()[pri:0, instance:com.usgbc.dev.regression.MembershipTest@6a4f787b] output={null}]]]>
              </value>
            </param>
          </params>
          <reporter-output>
          </reporter-output>
        </test-method> <!-- closeDriver -->
      </class> <!-- com.usgbc.dev.regression.MembershipTest -->
    </test> <!-- Default test -->
  </suite> <!-- Default suite -->
</testng-results>
